1:REQUEST Product,0
1:REQUEST Product,1
1:REQUEST Product,2
1:REQUEST Product,3
1:REQUEST Product,4
1:REQUEST Product,5
1:REQUEST Product,6
1:REQUEST Product,7
1:REQUEST Product,8
1:REQUEST Product,9
1:REQUEST Product,10
1:REQUEST Product,11
1:REQUEST Product,12
1:REQUEST Product,13
1:REQUEST Product,14
1:REQUEST Product,15
1:REQUEST Product,16
1:REQUEST Product,17
1:REQUEST Product,18
1:REQUEST Product,19
1:REQUEST Product,20
1:REQUEST Product,21
1:REQUEST Product,22
1:REQUEST Product,23
1:REQUEST Product,24
1:REQUEST Product,25
1:REQUEST Product,26
1:REQUEST Product,27
1:REQUEST Product,28
1:REQUEST Product,29
1:REQUEST Product,30
1:REQUEST Product,31
1:REQUEST Product,32
1:REQUEST Product,33
1:REQUEST Product,34
1:REQUEST Product,35
1:REQUEST Product,36
1:REQUEST Product,37
1:REQUEST Product,38
1:REQUEST Product,39
1:REQUEST Product,40
1:REQUEST Product,41
1:REQUEST Product,42
1:REQUEST Product,43
1:REQUEST Product,44
1:REQUEST Product,45
1:REQUEST Product,46
1:REQUEST Product,47
1:REQUEST Product,48
1:REQUEST Product,49
1:REQUEST Product,50
1:REQUEST Product,51
1:REQUEST Product,52
1:REQUEST Product,53
1:REQUEST Product,54
1:REQUEST Product,55
1:REQUEST Product,56
1:REQUEST Product,57
1:REQUEST Product,58
1:REQUEST Product,59
1:REQUEST Product,60
1:REQUEST Product,61
1:REQUEST Product,62
1:REQUEST Product,63
1:REQUEST Product,64
1:REQUEST Product,65
1:REQUEST Product,66
1:REQUEST Product,67
1:REQUEST Product,68
1:REQUEST Product,69
1:REQUEST Product,70
1:REQUEST Product,71
1:REQUEST Product,72
1:REQUEST Product,73
1:REQUEST Product,74
1:REQUEST Product,75
1:REQUEST Product,76
1:REQUEST Product,77
1:REQUEST Product,78
1:REQUEST Product,79
1:REQUEST Product,80
1:REQUEST Product,81
1:REQUEST Product,82
1:REQUEST Product,83
1:REQUEST Product,84
1:REQUEST Product,85
1:REQUEST Product,86
1:REQUEST Product,87
1:REQUEST Product,88
1:REQUEST Product,89
1:REQUEST Product,90
1:REQUEST Product,91
1:REQUEST Product,92
1:REQUEST Product,93
1:REQUEST Product,94
1:REQUEST Product,95
1:REQUEST Product,96
1:REQUEST Product,97
1:REQUEST Product,98
1:REQUEST Product,99
1:REQUEST Sale,0
1:RELEASE Sale,0
1:REQUEST Sale,1
1:RELEASE Sale,1
1:REQUEST Sale,2
1:RELEASE Sale,2
1:REQUEST Sale,3
1:RELEASE Sale,3
1:REQUEST Sale,4
1:RELEASE Sale,4
1:REQUEST Sale,5
1:RELEASE Sale,5
1:REQUEST Sale,6
1:RELEASE Sale,6
1:REQUEST Sale,7
1:RELEASE Sale,7
1:REQUEST Sale,8
1:RELEASE Sale,8
1:REQUEST Sale,9
1:RELEASE Sale,9
1:REQUEST Sale,10
1:RELEASE Sale,10
1:REQUEST Sale,11
1:RELEASE Sale,11
1:REQUEST Sale,12
1:RELEASE Sale,12
1:REQUEST Sale,13
1:RELEASE Sale,13
1:REQUEST Sale,14
1:RELEASE Sale,14
1:REQUEST Sale,15
1:RELEASE Sale,15
1:REQUEST Sale,16
1:RELEASE Sale,16
1:REQUEST Sale,17
1:RELEASE Sale,17
1:REQUEST Sale,18
1:RELEASE Sale,18
1:REQUEST Sale,19
1:RELEASE Sale,19
1:REQUEST Sale,20
1:RELEASE Sale,20
1:REQUEST Sale,21
1:RELEASE Sale,21
1:REQUEST Sale,22
1:RELEASE Sale,22
1:REQUEST Sale,23
1:RELEASE Sale,23
1:REQUEST Sale,24
1:RELEASE Sale,24
1:REQUEST Sale,25
1:RELEASE Sale,25
1:REQUEST Sale,26
1:RELEASE Sale,26
1:REQUEST Sale,27
1:RELEASE Sale,27
1:REQUEST Sale,28
1:RELEASE Sale,28
1:REQUEST Sale,29
1:RELEASE Sale,29
1:REQUEST Sale,30
1:RELEASE Sale,30
1:REQUEST Sale,31
1:RELEASE Sale,31
1:REQUEST Sale,32
1:RELEASE Sale,32
1:REQUEST Sale,33
1:RELEASE Sale,33
1:REQUEST Sale,34
1:RELEASE Sale,34
1:REQUEST Sale,35
1:RELEASE Sale,35
1:REQUEST Sale,36
1:RELEASE Sale,36
1:REQUEST Sale,37
1:RELEASE Sale,37
1:REQUEST Sale,38
1:RELEASE Sale,38
1:REQUEST Sale,39
1:RELEASE Sale,39
1:REQUEST Sale,40
1:RELEASE Sale,40
1:REQUEST Sale,41
1:RELEASE Sale,41
1:REQUEST Sale,42
1:RELEASE Sale,42
1:REQUEST Sale,43
1:RELEASE Sale,43
1:REQUEST Sale,44
1:RELEASE Sale,44
1:REQUEST Sale,45
1:RELEASE Sale,45
1:REQUEST Sale,46
1:RELEASE Sale,46
1:REQUEST Sale,47
1:RELEASE Sale,47
1:REQUEST Sale,48
1:RELEASE Sale,48
1:REQUEST Sale,49
1:RELEASE Sale,49
1:REQUEST Sale,50
1:RELEASE Sale,50
1:REQUEST Sale,51
1:RELEASE Sale,51
1:REQUEST Sale,52
1:RELEASE Sale,52
1:REQUEST Sale,53
1:RELEASE Sale,53
1:REQUEST Sale,54
1:RELEASE Sale,54
1:REQUEST Sale,55
1:RELEASE Sale,55
1:REQUEST Sale,56
1:RELEASE Sale,56
1:REQUEST Sale,57
1:RELEASE Sale,57
1:REQUEST Sale,58
1:RELEASE Sale,58
1:REQUEST Sale,59
1:RELEASE Sale,59
1:REQUEST Sale,60
1:RELEASE Sale,60
1:REQUEST Sale,61
1:RELEASE Sale,61
1:REQUEST Sale,62
1:RELEASE Sale,62
1:REQUEST Sale,63
1:RELEASE Sale,63
1:REQUEST Sale,64
1:RELEASE Sale,64
1:REQUEST Sale,65
1:RELEASE Sale,65
1:REQUEST Sale,66
1:RELEASE Sale,66
1:REQUEST Sale,67
1:RELEASE Sale,67
1:REQUEST Sale,68
1:RELEASE Sale,68
1:REQUEST Sale,69
1:RELEASE Sale,69
1:REQUEST Sale,70
1:RELEASE Sale,70
1:REQUEST Sale,71
1:RELEASE Sale,71
1:REQUEST Sale,72
1:RELEASE Sale,72
1:REQUEST Sale,73
1:RELEASE Sale,73
1:REQUEST Sale,74
1:RELEASE Sale,74
1:REQUEST Sale,75
1:RELEASE Sale,75
1:REQUEST Sale,76
1:RELEASE Sale,76
1:REQUEST Sale,77
1:RELEASE Sale,77
1:REQUEST Sale,78
1:RELEASE Sale,78
1:REQUEST Sale,79
1:RELEASE Sale,79
1:REQUEST Sale,80
1:RELEASE Sale,80
1:REQUEST Sale,81
1:RELEASE Sale,81
1:REQUEST Sale,82
1:RELEASE Sale,82
1:REQUEST Sale,83
1:RELEASE Sale,83
1:REQUEST Sale,84
1:RELEASE Sale,84
1:REQUEST Sale,85
1:RELEASE Sale,85
1:REQUEST Sale,86
1:RELEASE Sale,86
1:REQUEST Sale,87
1:RELEASE Sale,87
1:REQUEST Sale,88
1:RELEASE Sale,88
1:REQUEST Sale,89
1:RELEASE Sale,89
1:REQUEST Sale,90
1:RELEASE Sale,90
1:REQUEST Sale,91
1:RELEASE Sale,91
1:REQUEST Sale,92
1:RELEASE Sale,92
1:REQUEST Sale,93
1:RELEASE Sale,93
1:REQUEST Sale,94
1:RELEASE Sale,94
1:REQUEST Sale,95
1:RELEASE Sale,95
1:REQUEST Sale,96
1:RELEASE Sale,96
1:REQUEST Sale,97
1:RELEASE Sale,97
1:REQUEST Sale,98
1:RELEASE Sale,98
1:REQUEST Sale,99
1:RELEASE Sale,99
1:REQUEST Sale,100
1:RELEASE Sale,100
1:REQUEST Sale,101
1:RELEASE Sale,101
1:REQUEST Sale,102
1:RELEASE Sale,102
1:REQUEST Sale,103
1:RELEASE Sale,103
1:REQUEST Sale,104
1:RELEASE Sale,104
1:REQUEST Sale,105
1:RELEASE Sale,105
1:REQUEST Sale,106
1:RELEASE Sale,106
1:REQUEST Sale,107
1:RELEASE Sale,107
1:REQUEST Sale,108
1:RELEASE Sale,108
1:REQUEST Sale,109
1:RELEASE Sale,109
1:REQUEST Sale,110
1:RELEASE Sale,110
1:REQUEST Sale,111
1:RELEASE Sale,111
1:REQUEST Sale,112
1:RELEASE Sale,112
1:REQUEST Sale,113
1:RELEASE Sale,113
1:REQUEST Sale,114
1:RELEASE Sale,114
1:REQUEST Sale,115
1:RELEASE Sale,115
1:REQUEST Sale,116
1:RELEASE Sale,116
1:REQUEST Sale,117
1:RELEASE Sale,117
1:REQUEST Sale,118
1:RELEASE Sale,118
1:REQUEST Sale,119
1:RELEASE Sale,119
1:REQUEST Sale,120
1:RELEASE Sale,120
1:REQUEST Sale,121
1:RELEASE Sale,121
1:REQUEST Sale,122
1:RELEASE Sale,122
1:REQUEST Sale,123
1:RELEASE Sale,123
1:REQUEST Sale,124
1:RELEASE Sale,124
1:REQUEST Sale,125
1:RELEASE Sale,125
1:REQUEST Sale,126
1:RELEASE Sale,126
1:REQUEST Sale,127
1:RELEASE Sale,127
1:REQUEST Sale,128
1:RELEASE Sale,128
1:REQUEST Sale,129
1:RELEASE Sale,129
1:REQUEST Sale,130
1:RELEASE Sale,130
1:REQUEST Sale,131
1:RELEASE Sale,131
1:REQUEST Sale,132
1:RELEASE Sale,132
1:REQUEST Sale,133
1:RELEASE Sale,133
1:REQUEST Sale,134
1:RELEASE Sale,134
1:REQUEST Sale,135
1:RELEASE Sale,135
1:REQUEST Sale,136
1:RELEASE Sale,136
1:REQUEST Sale,137
1:RELEASE Sale,137
1:REQUEST Sale,138
1:RELEASE Sale,138
1:REQUEST Sale,139
1:RELEASE Sale,139
1:REQUEST Sale,140
1:RELEASE Sale,140
1:REQUEST Sale,141
1:RELEASE Sale,141
1:REQUEST Sale,142
1:RELEASE Sale,142
1:REQUEST Sale,143
1:RELEASE Sale,143
1:REQUEST Sale,144
1:RELEASE Sale,144
1:REQUEST Sale,145
1:RELEASE Sale,145
1:REQUEST Sale,146
1:RELEASE Sale,146
1:REQUEST Sale,147
1:RELEASE Sale,147
1:REQUEST Sale,148
1:RELEASE Sale,148
1:REQUEST Sale,149
1:RELEASE Sale,149
1:REQUEST Sale,150
1:RELEASE Sale,150
1:REQUEST Sale,151
1:RELEASE Sale,151
1:REQUEST Sale,152
1:RELEASE Sale,152
1:REQUEST Sale,153
1:RELEASE Sale,153
1:REQUEST Sale,154
1:RELEASE Sale,154
1:REQUEST Sale,155
1:RELEASE Sale,155
1:REQUEST Sale,156
1:RELEASE Sale,156
1:REQUEST Sale,157
1:RELEASE Sale,157
1:REQUEST Sale,158
1:RELEASE Sale,158
1:REQUEST Sale,159
1:RELEASE Sale,159
1:REQUEST Sale,160
1:RELEASE Sale,160
1:REQUEST Sale,161
1:RELEASE Sale,161
1:REQUEST Sale,162
1:RELEASE Sale,162
1:REQUEST Sale,163
1:RELEASE Sale,163
1:REQUEST Sale,164
1:RELEASE Sale,164
1:REQUEST Sale,165
1:RELEASE Sale,165
1:REQUEST Sale,166
1:RELEASE Sale,166
1:REQUEST Sale,167
1:RELEASE Sale,167
1:REQUEST Sale,168
1:RELEASE Sale,168
1:REQUEST Sale,169
1:RELEASE Sale,169
1:REQUEST Sale,170
1:RELEASE Sale,170
1:REQUEST Sale,171
1:RELEASE Sale,171
1:REQUEST Sale,172
1:RELEASE Sale,172
1:REQUEST Sale,173
1:RELEASE Sale,173
1:REQUEST Sale,174
1:RELEASE Sale,174
1:REQUEST Sale,175
1:RELEASE Sale,175
1:REQUEST Sale,176
1:RELEASE Sale,176
1:REQUEST Sale,177
1:RELEASE Sale,177
1:REQUEST Sale,178
1:RELEASE Sale,178
1:REQUEST Sale,179
1:RELEASE Sale,179
1:REQUEST Sale,180
1:RELEASE Sale,180
1:REQUEST Sale,181
1:RELEASE Sale,181
1:REQUEST Sale,182
1:RELEASE Sale,182
1:REQUEST Sale,183
1:RELEASE Sale,183
1:REQUEST Sale,184
1:RELEASE Sale,184
1:REQUEST Sale,185
1:RELEASE Sale,185
1:REQUEST Sale,186
1:RELEASE Sale,186
1:REQUEST Sale,187
1:RELEASE Sale,187
1:REQUEST Sale,188
1:RELEASE Sale,188
1:REQUEST Sale,189
1:RELEASE Sale,189
1:REQUEST Sale,190
1:RELEASE Sale,190
1:REQUEST Sale,191
1:RELEASE Sale,191
1:REQUEST Sale,192
1:RELEASE Sale,192
1:REQUEST Sale,193
1:RELEASE Sale,193
1:REQUEST Sale,194
1:RELEASE Sale,194
1:REQUEST Sale,195
1:RELEASE Sale,195
1:REQUEST Sale,196
1:RELEASE Sale,196
1:REQUEST Sale,197
1:RELEASE Sale,197
1:REQUEST Sale,198
1:RELEASE Sale,198
1:REQUEST Sale,199
1:RELEASE Sale,199
1:REQUEST Sale,200
1:RELEASE Sale,200
1:REQUEST Sale,201
1:RELEASE Sale,201
1:REQUEST Sale,202
1:RELEASE Sale,202
1:REQUEST Sale,203
1:RELEASE Sale,203
1:REQUEST Sale,204
1:RELEASE Sale,204
1:REQUEST Sale,205
1:RELEASE Sale,205
1:REQUEST Sale,206
1:RELEASE Sale,206
1:REQUEST Sale,207
1:RELEASE Sale,207
1:REQUEST Sale,208
1:RELEASE Sale,208
1:REQUEST Sale,209
1:RELEASE Sale,209
1:REQUEST Sale,210
1:RELEASE Sale,210
1:REQUEST Sale,211
1:RELEASE Sale,211
1:REQUEST Sale,212
1:RELEASE Sale,212
1:REQUEST Sale,213
1:RELEASE Sale,213
1:REQUEST Sale,214
1:RELEASE Sale,214
1:REQUEST Sale,215
1:RELEASE Sale,215
1:REQUEST Sale,216
1:RELEASE Sale,216
1:REQUEST Sale,217
1:RELEASE Sale,217
1:REQUEST Sale,218
1:RELEASE Sale,218
1:REQUEST Sale,219
1:RELEASE Sale,219
1:REQUEST Sale,220
1:RELEASE Sale,220
1:REQUEST Sale,221
1:RELEASE Sale,221
1:REQUEST Sale,222
1:RELEASE Sale,222
1:REQUEST Sale,223
1:RELEASE Sale,223
1:REQUEST Sale,224
1:RELEASE Sale,224
1:REQUEST Sale,225
1:RELEASE Sale,225
1:REQUEST Sale,226
1:RELEASE Sale,226
1:REQUEST Sale,227
1:RELEASE Sale,227
1:REQUEST Sale,228
1:RELEASE Sale,228
1:REQUEST Sale,229
1:RELEASE Sale,229
1:REQUEST Sale,230
1:RELEASE Sale,230
1:REQUEST Sale,231
1:RELEASE Sale,231
1:REQUEST Sale,232
1:RELEASE Sale,232
1:REQUEST Sale,233
1:RELEASE Sale,233
1:REQUEST Sale,234
1:RELEASE Sale,234
1:REQUEST Sale,235
1:RELEASE Sale,235
1:REQUEST Sale,236
1:RELEASE Sale,236
1:REQUEST Sale,237
1:RELEASE Sale,237
1:REQUEST Sale,238
1:RELEASE Sale,238
1:REQUEST Sale,239
1:RELEASE Sale,239
1:REQUEST Sale,240
1:RELEASE Sale,240
1:REQUEST Sale,241
1:RELEASE Sale,241
1:REQUEST Sale,242
1:RELEASE Sale,242
1:REQUEST Sale,243
1:RELEASE Sale,243
1:REQUEST Sale,244
1:RELEASE Sale,244
1:REQUEST Sale,245
1:RELEASE Sale,245
1:REQUEST Sale,246
1:RELEASE Sale,246
1:REQUEST Sale,247
1:RELEASE Sale,247
1:REQUEST Sale,248
1:RELEASE Sale,248
1:REQUEST Sale,249
1:RELEASE Sale,249
1:REQUEST Sale,250
1:RELEASE Sale,250
1:REQUEST Sale,251
1:RELEASE Sale,251
1:REQUEST Sale,252
1:RELEASE Sale,252
1:REQUEST Sale,253
1:RELEASE Sale,253
1:REQUEST Sale,254
1:RELEASE Sale,254
1:REQUEST Sale,255
1:RELEASE Sale,255
1:REQUEST Sale,256
1:RELEASE Sale,256
1:REQUEST Sale,257
1:RELEASE Sale,257
1:REQUEST Sale,258
1:RELEASE Sale,258
1:REQUEST Sale,259
1:RELEASE Sale,259
1:REQUEST Sale,260
1:RELEASE Sale,260
1:REQUEST Sale,261
1:RELEASE Sale,261
1:REQUEST Sale,262
1:RELEASE Sale,262
1:REQUEST Sale,263
1:RELEASE Sale,263
1:REQUEST Sale,264
1:RELEASE Sale,264
1:REQUEST Sale,265
1:RELEASE Sale,265
1:REQUEST Sale,266
1:RELEASE Sale,266
1:REQUEST Sale,267
1:RELEASE Sale,267
1:REQUEST Sale,268
1:RELEASE Sale,268
1:REQUEST Sale,269
1:RELEASE Sale,269
1:REQUEST Sale,270
1:RELEASE Sale,270
1:REQUEST Sale,271
1:RELEASE Sale,271
1:REQUEST Sale,272
1:RELEASE Sale,272
1:REQUEST Sale,273
1:RELEASE Sale,273
1:REQUEST Sale,274
1:RELEASE Sale,274
1:REQUEST Sale,275
1:RELEASE Sale,275
1:REQUEST Sale,276
1:RELEASE Sale,276
1:REQUEST Sale,277
1:RELEASE Sale,277
1:REQUEST Sale,278
1:RELEASE Sale,278
1:REQUEST Sale,279
1:RELEASE Sale,279
1:REQUEST Sale,280
1:RELEASE Sale,280
1:REQUEST Sale,281
1:RELEASE Sale,281
1:REQUEST Sale,282
1:RELEASE Sale,282
1:REQUEST Sale,283
1:RELEASE Sale,283
1:REQUEST Sale,284
1:RELEASE Sale,284
1:REQUEST Sale,285
1:RELEASE Sale,285
1:REQUEST Sale,286
1:RELEASE Sale,286
1:REQUEST Sale,287
1:RELEASE Sale,287
1:REQUEST Sale,288
1:RELEASE Sale,288
1:REQUEST Sale,289
1:RELEASE Sale,289
1:REQUEST Sale,290
1:RELEASE Sale,290
1:REQUEST Sale,291
1:RELEASE Sale,291
1:REQUEST Sale,292
1:RELEASE Sale,292
1:REQUEST Sale,293
1:RELEASE Sale,293
1:REQUEST Sale,294
1:RELEASE Sale,294
1:REQUEST Sale,295
1:RELEASE Sale,295
1:REQUEST Sale,296
1:RELEASE Sale,296
1:REQUEST Sale,297
1:RELEASE Sale,297
1:REQUEST Sale,298
1:RELEASE Sale,298
1:REQUEST Sale,299
1:RELEASE Sale,299
1:REQUEST Sale,300
1:RELEASE Sale,300
1:REQUEST Sale,301
1:RELEASE Sale,301
1:REQUEST Sale,302
1:RELEASE Sale,302
1:REQUEST Sale,303
1:RELEASE Sale,303
1:REQUEST Sale,304
1:RELEASE Sale,304
1:REQUEST Sale,305
1:RELEASE Sale,305
1:REQUEST Sale,306
1:RELEASE Sale,306
1:REQUEST Sale,307
1:RELEASE Sale,307
1:REQUEST Sale,308
1:RELEASE Sale,308
1:REQUEST Sale,309
1:RELEASE Sale,309
1:REQUEST Sale,310
1:RELEASE Sale,310
1:REQUEST Sale,311
1:RELEASE Sale,311
1:REQUEST Sale,312
1:RELEASE Sale,312
1:REQUEST Sale,313
1:RELEASE Sale,313
1:REQUEST Sale,314
1:RELEASE Sale,314
1:REQUEST Sale,315
1:RELEASE Sale,315
1:REQUEST Sale,316
1:RELEASE Sale,316
1:REQUEST Sale,317
1:RELEASE Sale,317
1:REQUEST Sale,318
1:RELEASE Sale,318
1:REQUEST Sale,319
1:RELEASE Sale,319
1:REQUEST Sale,320
1:RELEASE Sale,320
1:REQUEST Sale,321
1:RELEASE Sale,321
1:REQUEST Sale,322
1:RELEASE Sale,322
1:REQUEST Sale,323
1:RELEASE Sale,323
1:REQUEST Sale,324
1:RELEASE Sale,324
1:REQUEST Sale,325
1:RELEASE Sale,325
1:REQUEST Sale,326
1:RELEASE Sale,326
1:REQUEST Sale,327
1:RELEASE Sale,327
1:REQUEST Sale,328
1:RELEASE Sale,328
1:REQUEST Sale,329
1:RELEASE Sale,329
1:REQUEST Sale,330
1:RELEASE Sale,330
1:REQUEST Sale,331
1:RELEASE Sale,331
1:REQUEST Sale,332
1:RELEASE Sale,332
1:REQUEST Sale,333
1:RELEASE Sale,333
1:REQUEST Sale,334
1:RELEASE Sale,334
1:REQUEST Sale,335
1:RELEASE Sale,335
1:REQUEST Sale,336
1:RELEASE Sale,336
1:REQUEST Sale,337
1:RELEASE Sale,337
1:REQUEST Sale,338
1:RELEASE Sale,338
1:REQUEST Sale,339
1:RELEASE Sale,339
1:REQUEST Sale,340
1:RELEASE Sale,340
1:REQUEST Sale,341
1:RELEASE Sale,341
1:REQUEST Sale,342
1:RELEASE Sale,342
1:REQUEST Sale,343
1:RELEASE Sale,343
1:REQUEST Sale,344
1:RELEASE Sale,344
1:REQUEST Sale,345
1:RELEASE Sale,345
1:REQUEST Sale,346
1:RELEASE Sale,346
1:REQUEST Sale,347
1:RELEASE Sale,347
1:REQUEST Sale,348
1:RELEASE Sale,348
1:REQUEST Sale,349
1:RELEASE Sale,349
1:REQUEST Sale,350
1:RELEASE Sale,350
1:REQUEST Sale,351
1:RELEASE Sale,351
1:REQUEST Sale,352
1:RELEASE Sale,352
1:REQUEST Sale,353
1:RELEASE Sale,353
1:REQUEST Sale,354
1:RELEASE Sale,354
1:REQUEST Sale,355
1:RELEASE Sale,355
1:REQUEST Sale,356
1:RELEASE Sale,356
1:REQUEST Sale,357
1:RELEASE Sale,357
1:REQUEST Sale,358
1:RELEASE Sale,358
1:REQUEST Sale,359
1:RELEASE Sale,359
1:REQUEST Sale,360
1:RELEASE Sale,360
1:REQUEST Sale,361
1:RELEASE Sale,361
1:REQUEST Sale,362
1:RELEASE Sale,362
1:REQUEST Sale,363
1:RELEASE Sale,363
1:REQUEST Sale,364
1:RELEASE Sale,364
1:REQUEST Sale,365
1:RELEASE Sale,365
1:REQUEST Sale,366
1:RELEASE Sale,366
1:REQUEST Sale,367
1:RELEASE Sale,367
1:REQUEST Sale,368
1:RELEASE Sale,368
1:REQUEST Sale,369
1:RELEASE Sale,369
1:REQUEST Sale,370
1:RELEASE Sale,370
1:REQUEST Sale,371
1:RELEASE Sale,371
1:REQUEST Sale,372
1:RELEASE Sale,372
1:REQUEST Sale,373
1:RELEASE Sale,373
1:REQUEST Sale,374
1:RELEASE Sale,374
1:REQUEST Sale,375
1:RELEASE Sale,375
1:REQUEST Sale,376
1:RELEASE Sale,376
1:REQUEST Sale,377
1:RELEASE Sale,377
1:REQUEST Sale,378
1:RELEASE Sale,378
1:REQUEST Sale,379
1:RELEASE Sale,379
1:REQUEST Sale,380
1:RELEASE Sale,380
1:REQUEST Sale,381
1:RELEASE Sale,381
1:REQUEST Sale,382
1:RELEASE Sale,382
1:REQUEST Sale,383
1:RELEASE Sale,383
1:REQUEST Sale,384
1:RELEASE Sale,384
1:REQUEST Sale,385
1:RELEASE Sale,385
1:REQUEST Sale,386
1:RELEASE Sale,386
1:REQUEST Sale,387
1:RELEASE Sale,387
1:REQUEST Sale,388
1:RELEASE Sale,388
1:REQUEST Sale,389
1:RELEASE Sale,389
1:REQUEST Sale,390
1:RELEASE Sale,390
1:REQUEST Sale,391
1:RELEASE Sale,391
1:REQUEST Sale,392
1:RELEASE Sale,392
1:REQUEST Sale,393
1:RELEASE Sale,393
1:REQUEST Sale,394
1:RELEASE Sale,394
1:REQUEST Sale,395
1:RELEASE Sale,395
1:REQUEST Sale,396
1:RELEASE Sale,396
1:REQUEST Sale,397
1:RELEASE Sale,397
1:REQUEST Sale,398
1:RELEASE Sale,398
1:REQUEST Sale,399
1:RELEASE Sale,399
1:REQUEST Sale,400
1:RELEASE Sale,400
1:REQUEST Sale,401
1:RELEASE Sale,401
1:REQUEST Sale,402
1:RELEASE Sale,402
1:REQUEST Sale,403
1:RELEASE Sale,403
1:REQUEST Sale,404
1:RELEASE Sale,404
1:REQUEST Sale,405
1:RELEASE Sale,405
1:REQUEST Sale,406
1:RELEASE Sale,406
1:REQUEST Sale,407
1:RELEASE Sale,407
1:REQUEST Sale,408
1:RELEASE Sale,408
1:REQUEST Sale,409
1:RELEASE Sale,409
1:REQUEST Sale,410
1:RELEASE Sale,410
1:REQUEST Sale,411
1:RELEASE Sale,411
1:REQUEST Sale,412
1:RELEASE Sale,412
1:REQUEST Sale,413
1:RELEASE Sale,413
1:REQUEST Sale,414
1:RELEASE Sale,414
1:REQUEST Sale,415
1:RELEASE Sale,415
1:REQUEST Sale,416
1:RELEASE Sale,416
1:REQUEST Sale,417
1:RELEASE Sale,417
1:REQUEST Sale,418
1:RELEASE Sale,418
1:REQUEST Sale,419
1:RELEASE Sale,419
1:REQUEST Sale,420
1:RELEASE Sale,420
1:REQUEST Sale,421
1:RELEASE Sale,421
1:REQUEST Sale,422
1:RELEASE Sale,422
1:REQUEST Sale,423
1:RELEASE Sale,423
1:REQUEST Sale,424
1:RELEASE Sale,424
1:REQUEST Sale,425
1:RELEASE Sale,425
1:REQUEST Sale,426
1:RELEASE Sale,426
1:REQUEST Sale,427
1:RELEASE Sale,427
1:REQUEST Sale,428
1:RELEASE Sale,428
1:REQUEST Sale,429
1:RELEASE Sale,429
1:REQUEST Sale,430
1:RELEASE Sale,430
1:REQUEST Sale,431
1:RELEASE Sale,431
1:REQUEST Sale,432
1:RELEASE Sale,432
1:REQUEST Sale,433
1:RELEASE Sale,433
1:REQUEST Sale,434
1:RELEASE Sale,434
1:REQUEST Sale,435
1:RELEASE Sale,435
1:REQUEST Sale,436
1:RELEASE Sale,436
1:REQUEST Sale,437
1:RELEASE Sale,437
1:REQUEST Sale,438
1:RELEASE Sale,438
1:REQUEST Sale,439
1:RELEASE Sale,439
1:REQUEST Sale,440
1:RELEASE Sale,440
1:REQUEST Sale,441
1:RELEASE Sale,441
1:REQUEST Sale,442
1:RELEASE Sale,442
1:REQUEST Sale,443
1:RELEASE Sale,443
1:REQUEST Sale,444
1:RELEASE Sale,444
1:REQUEST Sale,445
1:RELEASE Sale,445
1:REQUEST Sale,446
1:RELEASE Sale,446
1:REQUEST Sale,447
1:RELEASE Sale,447
1:REQUEST Sale,448
1:RELEASE Sale,448
1:REQUEST Sale,449
1:RELEASE Sale,449
1:REQUEST Sale,450
1:RELEASE Sale,450
1:REQUEST Sale,451
1:RELEASE Sale,451
1:REQUEST Sale,452
1:RELEASE Sale,452
1:REQUEST Sale,453
1:RELEASE Sale,453
1:REQUEST Sale,454
1:RELEASE Sale,454
1:REQUEST Sale,455
1:RELEASE Sale,455
1:REQUEST Sale,456
1:RELEASE Sale,456
1:REQUEST Sale,457
1:RELEASE Sale,457
1:REQUEST Sale,458
1:RELEASE Sale,458
1:REQUEST Sale,459
1:RELEASE Sale,459
1:REQUEST Sale,460
1:RELEASE Sale,460
1:REQUEST Sale,461
1:RELEASE Sale,461
1:REQUEST Sale,462
1:RELEASE Sale,462
1:REQUEST Sale,463
1:RELEASE Sale,463
1:REQUEST Sale,464
1:RELEASE Sale,464
1:REQUEST Sale,465
1:RELEASE Sale,465
1:REQUEST Sale,466
1:RELEASE Sale,466
1:REQUEST Sale,467
1:RELEASE Sale,467
1:REQUEST Sale,468
1:RELEASE Sale,468
1:REQUEST Sale,469
1:RELEASE Sale,469
1:REQUEST Sale,470
1:RELEASE Sale,470
1:REQUEST Sale,471
1:RELEASE Sale,471
1:REQUEST Sale,472
1:RELEASE Sale,472
1:REQUEST Sale,473
1:RELEASE Sale,473
1:REQUEST Sale,474
1:RELEASE Sale,474
1:REQUEST Sale,475
1:RELEASE Sale,475
1:REQUEST Sale,476
1:RELEASE Sale,476
1:REQUEST Sale,477
1:RELEASE Sale,477
1:REQUEST Sale,478
1:RELEASE Sale,478
1:REQUEST Sale,479
1:RELEASE Sale,479
1:REQUEST Sale,480
1:RELEASE Sale,480
1:REQUEST Sale,481
1:RELEASE Sale,481
1:REQUEST Sale,482
1:RELEASE Sale,482
1:REQUEST Sale,483
1:RELEASE Sale,483
1:REQUEST Sale,484
1:RELEASE Sale,484
1:REQUEST Sale,485
1:RELEASE Sale,485
1:REQUEST Sale,486
1:RELEASE Sale,486
1:REQUEST Sale,487
1:RELEASE Sale,487
1:REQUEST Sale,488
1:RELEASE Sale,488
1:REQUEST Sale,489
1:RELEASE Sale,489
1:REQUEST Sale,490
1:RELEASE Sale,490
1:REQUEST Sale,491
1:RELEASE Sale,491
1:REQUEST Sale,492
1:RELEASE Sale,492
1:REQUEST Sale,493
1:RELEASE Sale,493
1:REQUEST Sale,494
1:RELEASE Sale,494
1:REQUEST Sale,495
1:RELEASE Sale,495
1:REQUEST Sale,496
1:RELEASE Sale,496
1:REQUEST Sale,497
1:RELEASE Sale,497
1:REQUEST Sale,498
1:RELEASE Sale,498
1:REQUEST Sale,499
1:RELEASE Sale,499
1:REQUEST Sale,500
1:RELEASE Sale,500
1:REQUEST Sale,501
1:RELEASE Sale,501
1:REQUEST Sale,502
1:RELEASE Sale,502
1:REQUEST Sale,503
1:RELEASE Sale,503
1:REQUEST Sale,504
1:RELEASE Sale,504
1:REQUEST Sale,505
1:RELEASE Sale,505
1:REQUEST Sale,506
1:RELEASE Sale,506
1:REQUEST Sale,507
1:RELEASE Sale,507
1:REQUEST Sale,508
1:RELEASE Sale,508
1:REQUEST Sale,509
1:RELEASE Sale,509
1:REQUEST Sale,510
1:RELEASE Sale,510
1:REQUEST Sale,511
1:RELEASE Sale,511
1:REQUEST Sale,512
1:RELEASE Sale,512
1:REQUEST Sale,513
1:RELEASE Sale,513
1:REQUEST Sale,514
1:RELEASE Sale,514
1:REQUEST Sale,515
1:RELEASE Sale,515
1:REQUEST Sale,516
1:RELEASE Sale,516
1:REQUEST Sale,517
1:RELEASE Sale,517
1:REQUEST Sale,518
1:RELEASE Sale,518
1:REQUEST Sale,519
1:RELEASE Sale,519
1:REQUEST Sale,520
1:RELEASE Sale,520
1:REQUEST Sale,521
1:RELEASE Sale,521
1:REQUEST Sale,522
1:RELEASE Sale,522
1:REQUEST Sale,523
1:RELEASE Sale,523
1:REQUEST Sale,524
1:RELEASE Sale,524
1:REQUEST Sale,525
1:RELEASE Sale,525
1:REQUEST Sale,526
1:RELEASE Sale,526
1:REQUEST Sale,527
1:RELEASE Sale,527
1:REQUEST Sale,528
1:RELEASE Sale,528
1:REQUEST Sale,529
1:RELEASE Sale,529
1:REQUEST Sale,530
1:RELEASE Sale,530
1:REQUEST Sale,531
1:RELEASE Sale,531
1:REQUEST Sale,532
1:RELEASE Sale,532
1:REQUEST Sale,533
1:RELEASE Sale,533
1:REQUEST Sale,534
1:RELEASE Sale,534
1:REQUEST Sale,535
1:RELEASE Sale,535
1:REQUEST Sale,536
1:RELEASE Sale,536
1:REQUEST Sale,537
1:RELEASE Sale,537
1:REQUEST Sale,538
1:RELEASE Sale,538
1:REQUEST Sale,539
1:RELEASE Sale,539
1:REQUEST Sale,540
1:RELEASE Sale,540
1:REQUEST Sale,541
1:RELEASE Sale,541
1:REQUEST Sale,542
1:RELEASE Sale,542
1:REQUEST Sale,543
1:RELEASE Sale,543
1:REQUEST Sale,544
1:RELEASE Sale,544
1:REQUEST Sale,545
1:RELEASE Sale,545
1:REQUEST Sale,546
1:RELEASE Sale,546
1:REQUEST Sale,547
1:RELEASE Sale,547
1:REQUEST Sale,548
1:RELEASE Sale,548
1:REQUEST Sale,549
1:RELEASE Sale,549
1:REQUEST Sale,550
1:RELEASE Sale,550
1:REQUEST Sale,551
1:RELEASE Sale,551
1:REQUEST Sale,552
1:RELEASE Sale,552
1:REQUEST Sale,553
1:RELEASE Sale,553
1:REQUEST Sale,554
1:RELEASE Sale,554
1:REQUEST Sale,555
1:RELEASE Sale,555
1:REQUEST Sale,556
1:RELEASE Sale,556
1:REQUEST Sale,557
1:RELEASE Sale,557
1:REQUEST Sale,558
1:RELEASE Sale,558
1:REQUEST Sale,559
1:RELEASE Sale,559
1:REQUEST Sale,560
1:RELEASE Sale,560
1:REQUEST Sale,561
1:RELEASE Sale,561
1:REQUEST Sale,562
1:RELEASE Sale,562
1:REQUEST Sale,563
1:RELEASE Sale,563
1:REQUEST Sale,564
1:RELEASE Sale,564
1:REQUEST Sale,565
1:RELEASE Sale,565
1:REQUEST Sale,566
1:RELEASE Sale,566
1:REQUEST Sale,567
1:RELEASE Sale,567
1:REQUEST Sale,568
1:RELEASE Sale,568
1:REQUEST Sale,569
1:RELEASE Sale,569
1:REQUEST Sale,570
1:RELEASE Sale,570
1:REQUEST Sale,571
1:RELEASE Sale,571
1:REQUEST Sale,572
1:RELEASE Sale,572
1:REQUEST Sale,573
1:RELEASE Sale,573
1:REQUEST Sale,574
1:RELEASE Sale,574
1:REQUEST Sale,575
1:RELEASE Sale,575
1:REQUEST Sale,576
1:RELEASE Sale,576
1:REQUEST Sale,577
1:RELEASE Sale,577
1:REQUEST Sale,578
1:RELEASE Sale,578
1:REQUEST Sale,579
1:RELEASE Sale,579
1:REQUEST Sale,580
1:RELEASE Sale,580
1:REQUEST Sale,581
1:RELEASE Sale,581
1:REQUEST Sale,582
1:RELEASE Sale,582
1:REQUEST Sale,583
1:RELEASE Sale,583
1:REQUEST Sale,584
1:RELEASE Sale,584
1:REQUEST Sale,585
1:RELEASE Sale,585
1:REQUEST Sale,586
1:RELEASE Sale,586
1:REQUEST Sale,587
1:RELEASE Sale,587
1:REQUEST Sale,588
1:RELEASE Sale,588
1:REQUEST Sale,589
1:RELEASE Sale,589
1:REQUEST Sale,590
1:RELEASE Sale,590
1:REQUEST Sale,591
1:RELEASE Sale,591
1:REQUEST Sale,592
1:RELEASE Sale,592
1:REQUEST Sale,593
1:RELEASE Sale,593
1:REQUEST Sale,594
1:RELEASE Sale,594
1:REQUEST Sale,595
1:RELEASE Sale,595
1:REQUEST Sale,596
1:RELEASE Sale,596
1:REQUEST Sale,597
1:RELEASE Sale,597
1:REQUEST Sale,598
1:RELEASE Sale,598
1:REQUEST Sale,599
1:RELEASE Sale,599
1:REQUEST Sale,600
1:RELEASE Sale,600
1:REQUEST Sale,601
1:RELEASE Sale,601
1:REQUEST Sale,602
1:RELEASE Sale,602
1:REQUEST Sale,603
1:RELEASE Sale,603
1:REQUEST Sale,604
1:RELEASE Sale,604
1:REQUEST Sale,605
1:RELEASE Sale,605
1:REQUEST Sale,606
1:RELEASE Sale,606
1:REQUEST Sale,607
1:RELEASE Sale,607
1:REQUEST Sale,608
1:RELEASE Sale,608
1:REQUEST Sale,609
1:RELEASE Sale,609
1:REQUEST Sale,610
1:RELEASE Sale,610
1:REQUEST Sale,611
1:RELEASE Sale,611
1:REQUEST Sale,612
1:RELEASE Sale,612
1:REQUEST Sale,613
1:RELEASE Sale,613
1:REQUEST Sale,614
1:RELEASE Sale,614
1:REQUEST Sale,615
1:RELEASE Sale,615
1:REQUEST Sale,616
1:RELEASE Sale,616
1:REQUEST Sale,617
1:RELEASE Sale,617
1:REQUEST Sale,618
1:RELEASE Sale,618
1:REQUEST Sale,619
1:RELEASE Sale,619
1:REQUEST Sale,620
1:RELEASE Sale,620
1:REQUEST Sale,621
1:RELEASE Sale,621
1:REQUEST Sale,622
1:RELEASE Sale,622
1:REQUEST Sale,623
1:RELEASE Sale,623
1:REQUEST Sale,624
1:RELEASE Sale,624
1:REQUEST Sale,625
1:RELEASE Sale,625
1:REQUEST Sale,626
1:RELEASE Sale,626
1:REQUEST Sale,627
1:RELEASE Sale,627
1:REQUEST Sale,628
1:RELEASE Sale,628
1:REQUEST Sale,629
1:RELEASE Sale,629
1:REQUEST Sale,630
1:RELEASE Sale,630
1:REQUEST Sale,631
1:RELEASE Sale,631
1:REQUEST Sale,632
1:RELEASE Sale,632
1:REQUEST Sale,633
1:RELEASE Sale,633
1:REQUEST Sale,634
1:RELEASE Sale,634
1:REQUEST Sale,635
1:RELEASE Sale,635
1:REQUEST Sale,636
1:RELEASE Sale,636
1:REQUEST Sale,637
1:RELEASE Sale,637
1:REQUEST Sale,638
1:RELEASE Sale,638
1:REQUEST Sale,639
1:RELEASE Sale,639
1:REQUEST Sale,640
1:RELEASE Sale,640
1:REQUEST Sale,641
1:RELEASE Sale,641
1:REQUEST Sale,642
1:RELEASE Sale,642
1:REQUEST Sale,643
1:RELEASE Sale,643
1:REQUEST Sale,644
1:RELEASE Sale,644
1:REQUEST Sale,645
1:RELEASE Sale,645
1:REQUEST Sale,646
1:RELEASE Sale,646
1:REQUEST Sale,647
1:RELEASE Sale,647
1:REQUEST Sale,648
1:RELEASE Sale,648
1:REQUEST Sale,649
1:RELEASE Sale,649
1:REQUEST Sale,650
1:RELEASE Sale,650
1:REQUEST Sale,651
1:RELEASE Sale,651
1:REQUEST Sale,652
1:RELEASE Sale,652
1:REQUEST Sale,653
1:RELEASE Sale,653
1:REQUEST Sale,654
1:RELEASE Sale,654
1:REQUEST Sale,655
1:RELEASE Sale,655
1:REQUEST Sale,656
1:RELEASE Sale,656
1:REQUEST Sale,657
1:RELEASE Sale,657
1:REQUEST Sale,658
1:RELEASE Sale,658
1:REQUEST Sale,659
1:RELEASE Sale,659
1:REQUEST Sale,660
1:RELEASE Sale,660
1:REQUEST Sale,661
1:RELEASE Sale,661
1:REQUEST Sale,662
1:RELEASE Sale,662
1:REQUEST Sale,663
1:RELEASE Sale,663
1:REQUEST Sale,664
1:RELEASE Sale,664
1:REQUEST Sale,665
1:RELEASE Sale,665
1:REQUEST Sale,666
1:RELEASE Sale,666
1:REQUEST Sale,667
1:RELEASE Sale,667
1:REQUEST Sale,668
1:RELEASE Sale,668
1:REQUEST Sale,669
1:RELEASE Sale,669
1:REQUEST Sale,670
1:RELEASE Sale,670
1:REQUEST Sale,671
1:RELEASE Sale,671
1:REQUEST Sale,672
1:RELEASE Sale,672
1:REQUEST Sale,673
1:RELEASE Sale,673
1:REQUEST Sale,674
1:RELEASE Sale,674
1:REQUEST Sale,675
1:RELEASE Sale,675
1:REQUEST Sale,676
1:RELEASE Sale,676
1:REQUEST Sale,677
1:RELEASE Sale,677
1:REQUEST Sale,678
1:RELEASE Sale,678
1:REQUEST Sale,679
1:RELEASE Sale,679
1:REQUEST Sale,680
1:RELEASE Sale,680
1:REQUEST Sale,681
1:RELEASE Sale,681
1:REQUEST Sale,682
1:RELEASE Sale,682
1:REQUEST Sale,683
1:RELEASE Sale,683
1:REQUEST Sale,684
1:RELEASE Sale,684
1:REQUEST Sale,685
1:RELEASE Sale,685
1:REQUEST Sale,686
1:RELEASE Sale,686
1:REQUEST Sale,687
1:RELEASE Sale,687
1:REQUEST Sale,688
1:RELEASE Sale,688
1:REQUEST Sale,689
1:RELEASE Sale,689
1:REQUEST Sale,690
1:RELEASE Sale,690
1:REQUEST Sale,691
1:RELEASE Sale,691
1:REQUEST Sale,692
1:RELEASE Sale,692
1:REQUEST Sale,693
1:RELEASE Sale,693
1:REQUEST Sale,694
1:RELEASE Sale,694
1:REQUEST Sale,695
1:RELEASE Sale,695
1:REQUEST Sale,696
1:RELEASE Sale,696
1:REQUEST Sale,697
1:RELEASE Sale,697
1:REQUEST Sale,698
1:RELEASE Sale,698
1:REQUEST Sale,699
1:RELEASE Sale,699
1:REQUEST Sale,700
1:RELEASE Sale,700
1:REQUEST Sale,701
1:RELEASE Sale,701
1:REQUEST Sale,702
1:RELEASE Sale,702
1:REQUEST Sale,703
1:RELEASE Sale,703
1:REQUEST Sale,704
1:RELEASE Sale,704
1:REQUEST Sale,705
1:RELEASE Sale,705
1:REQUEST Sale,706
1:RELEASE Sale,706
1:REQUEST Sale,707
1:RELEASE Sale,707
1:REQUEST Sale,708
1:RELEASE Sale,708
1:REQUEST Sale,709
1:RELEASE Sale,709
1:REQUEST Sale,710
1:RELEASE Sale,710
1:REQUEST Sale,711
1:RELEASE Sale,711
1:REQUEST Sale,712
1:RELEASE Sale,712
1:REQUEST Sale,713
1:RELEASE Sale,713
1:REQUEST Sale,714
1:RELEASE Sale,714
1:REQUEST Sale,715
1:RELEASE Sale,715
1:REQUEST Sale,716
1:RELEASE Sale,716
1:REQUEST Sale,717
1:RELEASE Sale,717
1:REQUEST Sale,718
1:RELEASE Sale,718
1:REQUEST Sale,719
1:RELEASE Sale,719
1:REQUEST Sale,720
1:RELEASE Sale,720
1:REQUEST Sale,721
1:RELEASE Sale,721
1:REQUEST Sale,722
1:RELEASE Sale,722
1:REQUEST Sale,723
1:RELEASE Sale,723
1:REQUEST Sale,724
1:RELEASE Sale,724
1:REQUEST Sale,725
1:RELEASE Sale,725
1:REQUEST Sale,726
1:RELEASE Sale,726
1:REQUEST Sale,727
1:RELEASE Sale,727
1:REQUEST Sale,728
1:RELEASE Sale,728
1:REQUEST Sale,729
1:RELEASE Sale,729
1:REQUEST Sale,730
1:RELEASE Sale,730
1:REQUEST Sale,731
1:RELEASE Sale,731
1:REQUEST Sale,732
1:RELEASE Sale,732
1:REQUEST Sale,733
1:RELEASE Sale,733
1:REQUEST Sale,734
1:RELEASE Sale,734
1:REQUEST Sale,735
1:RELEASE Sale,735
1:REQUEST Sale,736
1:RELEASE Sale,736
1:REQUEST Sale,737
1:RELEASE Sale,737
1:REQUEST Sale,738
1:RELEASE Sale,738
1:REQUEST Sale,739
1:RELEASE Sale,739
1:REQUEST Sale,740
1:RELEASE Sale,740
1:REQUEST Sale,741
1:RELEASE Sale,741
1:REQUEST Sale,742
1:RELEASE Sale,742
1:REQUEST Sale,743
1:RELEASE Sale,743
1:REQUEST Sale,744
1:RELEASE Sale,744
1:REQUEST Sale,745
1:RELEASE Sale,745
1:REQUEST Sale,746
1:RELEASE Sale,746
1:REQUEST Sale,747
1:RELEASE Sale,747
1:REQUEST Sale,748
1:RELEASE Sale,748
1:REQUEST Sale,749
1:RELEASE Sale,749
1:REQUEST Sale,750
1:RELEASE Sale,750
1:REQUEST Sale,751
1:RELEASE Sale,751
1:REQUEST Sale,752
1:RELEASE Sale,752
1:REQUEST Sale,753
1:RELEASE Sale,753
1:REQUEST Sale,754
1:RELEASE Sale,754
1:REQUEST Sale,755
1:RELEASE Sale,755
1:REQUEST Sale,756
1:RELEASE Sale,756
1:REQUEST Sale,757
1:RELEASE Sale,757
1:REQUEST Sale,758
1:RELEASE Sale,758
1:REQUEST Sale,759
1:RELEASE Sale,759
1:REQUEST Sale,760
1:RELEASE Sale,760
1:REQUEST Sale,761
1:RELEASE Sale,761
1:REQUEST Sale,762
1:RELEASE Sale,762
1:REQUEST Sale,763
1:RELEASE Sale,763
1:REQUEST Sale,764
1:RELEASE Sale,764
1:REQUEST Sale,765
1:RELEASE Sale,765
1:REQUEST Sale,766
1:RELEASE Sale,766
1:REQUEST Sale,767
1:RELEASE Sale,767
1:REQUEST Sale,768
1:RELEASE Sale,768
1:REQUEST Sale,769
1:RELEASE Sale,769
1:REQUEST Sale,770
1:RELEASE Sale,770
1:REQUEST Sale,771
1:RELEASE Sale,771
1:REQUEST Sale,772
1:RELEASE Sale,772
1:REQUEST Sale,773
1:RELEASE Sale,773
1:REQUEST Sale,774
1:RELEASE Sale,774
1:REQUEST Sale,775
1:RELEASE Sale,775
1:REQUEST Sale,776
1:RELEASE Sale,776
1:REQUEST Sale,777
1:RELEASE Sale,777
1:REQUEST Sale,778
1:RELEASE Sale,778
1:REQUEST Sale,779
1:RELEASE Sale,779
1:REQUEST Sale,780
1:RELEASE Sale,780
1:REQUEST Sale,781
1:RELEASE Sale,781
1:REQUEST Sale,782
1:RELEASE Sale,782
1:REQUEST Sale,783
1:RELEASE Sale,783
1:REQUEST Sale,784
1:RELEASE Sale,784
1:REQUEST Sale,785
1:RELEASE Sale,785
1:REQUEST Sale,786
1:RELEASE Sale,786
1:REQUEST Sale,787
1:RELEASE Sale,787
1:REQUEST Sale,788
1:RELEASE Sale,788
1:REQUEST Sale,789
1:RELEASE Sale,789
1:REQUEST Sale,790
1:RELEASE Sale,790
1:REQUEST Sale,791
1:RELEASE Sale,791
1:REQUEST Sale,792
1:RELEASE Sale,792
1:REQUEST Sale,793
1:RELEASE Sale,793
1:REQUEST Sale,794
1:RELEASE Sale,794
1:REQUEST Sale,795
1:RELEASE Sale,795
1:REQUEST Sale,796
1:RELEASE Sale,796
1:REQUEST Sale,797
1:RELEASE Sale,797
1:REQUEST Sale,798
1:RELEASE Sale,798
1:REQUEST Sale,799
1:RELEASE Sale,799
1:REQUEST Sale,800
1:RELEASE Sale,800
1:REQUEST Sale,801
1:RELEASE Sale,801
1:REQUEST Sale,802
1:RELEASE Sale,802
1:REQUEST Sale,803
1:RELEASE Sale,803
1:REQUEST Sale,804
1:RELEASE Sale,804
1:REQUEST Sale,805
1:RELEASE Sale,805
1:REQUEST Sale,806
1:RELEASE Sale,806
1:REQUEST Sale,807
1:RELEASE Sale,807
1:REQUEST Sale,808
1:RELEASE Sale,808
1:REQUEST Sale,809
1:RELEASE Sale,809
1:REQUEST Sale,810
1:RELEASE Sale,810
1:REQUEST Sale,811
1:RELEASE Sale,811
1:REQUEST Sale,812
1:RELEASE Sale,812
1:REQUEST Sale,813
1:RELEASE Sale,813
1:REQUEST Sale,814
1:RELEASE Sale,814
1:REQUEST Sale,815
1:RELEASE Sale,815
1:REQUEST Sale,816
1:RELEASE Sale,816
1:REQUEST Sale,817
1:RELEASE Sale,817
1:REQUEST Sale,818
1:RELEASE Sale,818
1:REQUEST Sale,819
1:RELEASE Sale,819
1:REQUEST Sale,820
1:RELEASE Sale,820
1:REQUEST Sale,821
1:RELEASE Sale,821
1:REQUEST Sale,822
1:RELEASE Sale,822
1:REQUEST Sale,823
1:RELEASE Sale,823
1:REQUEST Sale,824
1:RELEASE Sale,824
1:REQUEST Sale,825
1:RELEASE Sale,825
1:REQUEST Sale,826
1:RELEASE Sale,826
1:REQUEST Sale,827
1:RELEASE Sale,827
1:REQUEST Sale,828
1:RELEASE Sale,828
1:REQUEST Sale,829
1:RELEASE Sale,829
1:REQUEST Sale,830
1:RELEASE Sale,830
1:REQUEST Sale,831
1:RELEASE Sale,831
1:REQUEST Sale,832
1:RELEASE Sale,832
1:REQUEST Sale,833
1:RELEASE Sale,833
1:REQUEST Sale,834
1:RELEASE Sale,834
1:REQUEST Sale,835
1:RELEASE Sale,835
1:REQUEST Sale,836
1:RELEASE Sale,836
1:REQUEST Sale,837
1:RELEASE Sale,837
1:REQUEST Sale,838
1:RELEASE Sale,838
1:REQUEST Sale,839
1:RELEASE Sale,839
1:REQUEST Sale,840
1:RELEASE Sale,840
1:REQUEST Sale,841
1:RELEASE Sale,841
1:REQUEST Sale,842
1:RELEASE Sale,842
1:REQUEST Sale,843
1:RELEASE Sale,843
1:REQUEST Sale,844
1:RELEASE Sale,844
1:REQUEST Sale,845
1:RELEASE Sale,845
1:REQUEST Sale,846
1:RELEASE Sale,846
1:REQUEST Sale,847
1:RELEASE Sale,847
1:REQUEST Sale,848
1:RELEASE Sale,848
1:REQUEST Sale,849
1:RELEASE Sale,849
1:REQUEST Sale,850
1:RELEASE Sale,850
1:REQUEST Sale,851
1:RELEASE Sale,851
1:REQUEST Sale,852
1:RELEASE Sale,852
1:REQUEST Sale,853
1:RELEASE Sale,853
1:REQUEST Sale,854
1:RELEASE Sale,854
1:REQUEST Sale,855
1:RELEASE Sale,855
1:REQUEST Sale,856
1:RELEASE Sale,856
1:REQUEST Sale,857
1:RELEASE Sale,857
1:REQUEST Sale,858
1:RELEASE Sale,858
1:REQUEST Sale,859
1:RELEASE Sale,859
1:REQUEST Sale,860
1:RELEASE Sale,860
1:REQUEST Sale,861
1:RELEASE Sale,861
1:REQUEST Sale,862
1:RELEASE Sale,862
1:REQUEST Sale,863
1:RELEASE Sale,863
1:REQUEST Sale,864
1:RELEASE Sale,864
1:REQUEST Sale,865
1:RELEASE Sale,865
1:REQUEST Sale,866
1:RELEASE Sale,866
1:REQUEST Sale,867
1:RELEASE Sale,867
1:REQUEST Sale,868
1:RELEASE Sale,868
1:REQUEST Sale,869
1:RELEASE Sale,869
1:REQUEST Sale,870
1:RELEASE Sale,870
1:REQUEST Sale,871
1:RELEASE Sale,871
1:REQUEST Sale,872
1:RELEASE Sale,872
1:REQUEST Sale,873
1:RELEASE Sale,873
1:REQUEST Sale,874
1:RELEASE Sale,874
1:REQUEST Sale,875
1:RELEASE Sale,875
1:REQUEST Sale,876
1:RELEASE Sale,876
1:REQUEST Sale,877
1:RELEASE Sale,877
1:REQUEST Sale,878
1:RELEASE Sale,878
1:REQUEST Sale,879
1:RELEASE Sale,879
1:REQUEST Sale,880
1:RELEASE Sale,880
1:REQUEST Sale,881
1:RELEASE Sale,881
1:REQUEST Sale,882
1:RELEASE Sale,882
1:REQUEST Sale,883
1:RELEASE Sale,883
1:REQUEST Sale,884
1:RELEASE Sale,884
1:REQUEST Sale,885
1:RELEASE Sale,885
1:REQUEST Sale,886
1:RELEASE Sale,886
1:REQUEST Sale,887
1:RELEASE Sale,887
1:REQUEST Sale,888
1:RELEASE Sale,888
1:REQUEST Sale,889
1:RELEASE Sale,889
1:REQUEST Sale,890
1:RELEASE Sale,890
1:REQUEST Sale,891
1:RELEASE Sale,891
1:REQUEST Sale,892
1:RELEASE Sale,892
1:REQUEST Sale,893
1:RELEASE Sale,893
1:REQUEST Sale,894
1:RELEASE Sale,894
1:REQUEST Sale,895
1:RELEASE Sale,895
1:REQUEST Sale,896
1:RELEASE Sale,896
1:REQUEST Sale,897
1:RELEASE Sale,897
1:REQUEST Sale,898
1:RELEASE Sale,898
1:REQUEST Sale,899
1:RELEASE Sale,899
1:REQUEST Sale,900
1:RELEASE Sale,900
1:REQUEST Sale,901
1:RELEASE Sale,901
1:REQUEST Sale,902
1:RELEASE Sale,902
1:REQUEST Sale,903
1:RELEASE Sale,903
1:REQUEST Sale,904
1:RELEASE Sale,904
1:REQUEST Sale,905
1:RELEASE Sale,905
1:REQUEST Sale,906
1:RELEASE Sale,906
1:REQUEST Sale,907
1:RELEASE Sale,907
1:REQUEST Sale,908
1:RELEASE Sale,908
1:REQUEST Sale,909
1:RELEASE Sale,909
1:REQUEST Sale,910
1:RELEASE Sale,910
1:REQUEST Sale,911
1:RELEASE Sale,911
1:REQUEST Sale,912
1:RELEASE Sale,912
1:REQUEST Sale,913
1:RELEASE Sale,913
1:REQUEST Sale,914
1:RELEASE Sale,914
1:REQUEST Sale,915
1:RELEASE Sale,915
1:REQUEST Sale,916
1:RELEASE Sale,916
1:REQUEST Sale,917
1:RELEASE Sale,917
1:REQUEST Sale,918
1:RELEASE Sale,918
1:REQUEST Sale,919
1:RELEASE Sale,919
1:REQUEST Sale,920
1:RELEASE Sale,920
1:REQUEST Sale,921
1:RELEASE Sale,921
1:REQUEST Sale,922
1:RELEASE Sale,922
1:REQUEST Sale,923
1:RELEASE Sale,923
1:REQUEST Sale,924
1:RELEASE Sale,924
1:REQUEST Sale,925
1:RELEASE Sale,925
1:REQUEST Sale,926
1:RELEASE Sale,926
1:REQUEST Sale,927
1:RELEASE Sale,927
1:REQUEST Sale,928
1:RELEASE Sale,928
1:REQUEST Sale,929
1:RELEASE Sale,929
1:REQUEST Sale,930
1:RELEASE Sale,930
1:REQUEST Sale,931
1:RELEASE Sale,931
1:REQUEST Sale,932
1:RELEASE Sale,932
1:REQUEST Sale,933
1:RELEASE Sale,933
1:REQUEST Sale,934
1:RELEASE Sale,934
1:REQUEST Sale,935
1:RELEASE Sale,935
1:REQUEST Sale,936
1:RELEASE Sale,936
1:REQUEST Sale,937
1:RELEASE Sale,937
1:REQUEST Sale,938
1:RELEASE Sale,938
1:REQUEST Sale,939
1:RELEASE Sale,939
1:REQUEST Sale,940
1:RELEASE Sale,940
1:REQUEST Sale,941
1:RELEASE Sale,941
1:REQUEST Sale,942
1:RELEASE Sale,942
1:REQUEST Sale,943
1:RELEASE Sale,943
1:REQUEST Sale,944
1:RELEASE Sale,944
1:REQUEST Sale,945
1:RELEASE Sale,945
1:REQUEST Sale,946
1:RELEASE Sale,946
1:REQUEST Sale,947
1:RELEASE Sale,947
1:REQUEST Sale,948
1:RELEASE Sale,948
1:REQUEST Sale,949
1:RELEASE Sale,949
1:REQUEST Sale,950
1:RELEASE Sale,950
1:REQUEST Sale,951
1:RELEASE Sale,951
1:REQUEST Sale,952
1:RELEASE Sale,952
1:REQUEST Sale,953
1:RELEASE Sale,953
1:REQUEST Sale,954
1:RELEASE Sale,954
1:REQUEST Sale,955
1:RELEASE Sale,955
1:REQUEST Sale,956
1:RELEASE Sale,956
1:REQUEST Sale,957
1:RELEASE Sale,957
1:REQUEST Sale,958
1:RELEASE Sale,958
1:REQUEST Sale,959
1:RELEASE Sale,959
1:REQUEST Sale,960
1:RELEASE Sale,960
1:REQUEST Sale,961
1:RELEASE Sale,961
1:REQUEST Sale,962
1:RELEASE Sale,962
1:REQUEST Sale,963
1:RELEASE Sale,963
1:REQUEST Sale,964
1:RELEASE Sale,964
1:REQUEST Sale,965
1:RELEASE Sale,965
1:REQUEST Sale,966
1:RELEASE Sale,966
1:REQUEST Sale,967
1:RELEASE Sale,967
1:REQUEST Sale,968
1:RELEASE Sale,968
1:REQUEST Sale,969
1:RELEASE Sale,969
1:REQUEST Sale,970
1:RELEASE Sale,970
1:REQUEST Sale,971
1:RELEASE Sale,971
1:REQUEST Sale,972
1:RELEASE Sale,972
1:REQUEST Sale,973
1:RELEASE Sale,973
1:REQUEST Sale,974
1:RELEASE Sale,974
1:REQUEST Sale,975
1:RELEASE Sale,975
1:REQUEST Sale,976
1:RELEASE Sale,976
1:REQUEST Sale,977
1:RELEASE Sale,977
1:REQUEST Sale,978
1:RELEASE Sale,978
1:REQUEST Sale,979
1:RELEASE Sale,979
1:REQUEST Sale,980
1:RELEASE Sale,980
1:REQUEST Sale,981
1:RELEASE Sale,981
1:REQUEST Sale,982
1:RELEASE Sale,982
1:REQUEST Sale,983
1:RELEASE Sale,983
1:REQUEST Sale,984
1:RELEASE Sale,984
1:REQUEST Sale,985
1:RELEASE Sale,985
1:REQUEST Sale,986
1:RELEASE Sale,986
1:REQUEST Sale,987
1:RELEASE Sale,987
1:REQUEST Sale,988
1:RELEASE Sale,988
1:REQUEST Sale,989
1:RELEASE Sale,989
1:REQUEST Sale,990
1:RELEASE Sale,990
1:REQUEST Sale,991
1:RELEASE Sale,991
1:REQUEST Sale,992
1:RELEASE Sale,992
1:REQUEST Sale,993
1:RELEASE Sale,993
1:REQUEST Sale,994
1:RELEASE Sale,994
1:REQUEST Sale,995
1:RELEASE Sale,995
1:REQUEST Sale,996
1:RELEASE Sale,996
1:REQUEST Sale,997
1:RELEASE Sale,997
1:REQUEST Sale,998
1:RELEASE Sale,998
1:REQUEST Sale,999
1:RELEASE Sale,999
1:RELEASE Product,0
1:RELEASE Product,1
1:RELEASE Product,2
1:RELEASE Product,3
1:RELEASE Product,4
1:RELEASE Product,5
1:RELEASE Product,6
1:RELEASE Product,7
1:RELEASE Product,8
1:RELEASE Product,9
1:RELEASE Product,10
1:RELEASE Product,11
1:RELEASE Product,12
1:RELEASE Product,13
1:RELEASE Product,14
1:RELEASE Product,15
1:RELEASE Product,16
1:RELEASE Product,17
1:RELEASE Product,18
1:RELEASE Product,19
1:RELEASE Product,20
1:RELEASE Product,21
1:RELEASE Product,22
1:RELEASE Product,23
1:RELEASE Product,24
1:RELEASE Product,25
1:RELEASE Product,26
1:RELEASE Product,27
1:RELEASE Product,28
1:RELEASE Product,29
1:RELEASE Product,30
1:RELEASE Product,31
1:RELEASE Product,32
1:RELEASE Product,33
1:RELEASE Product,34
1:RELEASE Product,35
1:RELEASE Product,36
1:RELEASE Product,37
1:RELEASE Product,38
1:RELEASE Product,39
1:RELEASE Product,40
1:RELEASE Product,41
1:RELEASE Product,42
1:RELEASE Product,43
1:RELEASE Product,44
1:RELEASE Product,45
1:RELEASE Product,46
1:RELEASE Product,47
1:RELEASE Product,48
1:RELEASE Product,49
1:RELEASE Product,50
1:RELEASE Product,51
1:RELEASE Product,52
1:RELEASE Product,53
1:RELEASE Product,54
1:RELEASE Product,55
1:RELEASE Product,56
1:RELEASE Product,57
1:RELEASE Product,58
1:RELEASE Product,59
1:RELEASE Product,60
1:RELEASE Product,61
1:RELEASE Product,62
1:RELEASE Product,63
1:RELEASE Product,64
1:RELEASE Product,65
1:RELEASE Product,66
1:RELEASE Product,67
1:RELEASE Product,68
1:RELEASE Product,69
1:RELEASE Product,70
1:RELEASE Product,71
1:RELEASE Product,72
1:RELEASE Product,73
1:RELEASE Product,74
1:RELEASE Product,75
1:RELEASE Product,76
1:RELEASE Product,77
1:RELEASE Product,78
1:RELEASE Product,79
1:RELEASE Product,80
1:RELEASE Product,81
1:RELEASE Product,82
1:RELEASE Product,83
1:RELEASE Product,84
1:RELEASE Product,85
1:RELEASE Product,86
1:RELEASE Product,87
1:RELEASE Product,88
1:RELEASE Product,89
1:RELEASE Product,90
1:RELEASE Product,91
1:RELEASE Product,92
1:RELEASE Product,93
1:RELEASE Product,94
1:RELEASE Product,95
1:RELEASE Product,96
1:RELEASE Product,97
1:RELEASE Product,98
1:RELEASE Product,99
