1:REQUEST IndexScanClustered_50_index,0
1:RELEASE IndexScanClustered_50_index,0
0:REQUEST FileScan_100,0
0:RELEASE FileScan_100,0
0:REQUEST FileScan_100,1
1:REQUEST IndexScanClustered_50_index,1
1:RELEASE IndexScanClustered_50_index,1
0:RELEASE FileScan_100,1
0:REQUEST FileScan_100,2
1:REQUEST IndexScanClustered_50_index,2
1:RELEASE IndexScanClustered_50_index,2
0:RELEASE FileScan_100,2
0:REQUEST FileScan_100,3
0:RELEASE FileScan_100,3
0:REQUEST FileScan_100,4
1:REQUEST IndexScanClustered_50_index,3
1:RELEASE IndexScanClustered_50_index,3
0:RELEASE FileScan_100,4
0:REQUEST FileScan_100,5
1:REQUEST IndexScanClustered_50_index,4
0:RELEASE FileScan_100,5
1:RELEASE IndexScanClustered_50_index,4
0:REQUEST FileScan_100,6
0:RELEASE FileScan_100,6
0:REQUEST FileScan_100,7
1:REQUEST IndexScanClustered_50,16
0:RELEASE FileScan_100,7
1:RELEASE IndexScanClustered_50,16
0:REQUEST FileScan_100,8
1:REQUEST IndexScanClustered_50,17
1:RELEASE IndexScanClustered_50,17
1:REQUEST IndexScanClustered_50,18
0:RELEASE FileScan_100,8
1:RELEASE IndexScanClustered_50,18
0:REQUEST FileScan_100,9
0:RELEASE FileScan_100,9
0:REQUEST FileScan_100,10
0:RELEASE FileScan_100,10
1:REQUEST IndexScanClustered_50,19
0:REQUEST FileScan_100,11
0:RELEASE FileScan_100,11
1:RELEASE IndexScanClustered_50,19
0:REQUEST FileScan_100,12
1:REQUEST IndexScanClustered_50,20
0:RELEASE FileScan_100,12
1:RELEASE IndexScanClustered_50,20
0:REQUEST FileScan_100,13
0:RELEASE FileScan_100,13
1:REQUEST IndexScanClustered_50,21
0:REQUEST FileScan_100,14
1:RELEASE IndexScanClustered_50,21
1:REQUEST IndexScanClustered_50,22
0:RELEASE FileScan_100,14
0:REQUEST FileScan_100,15
1:RELEASE IndexScanClustered_50,22
0:RELEASE FileScan_100,15
1:REQUEST IndexScanClustered_50,23
1:RELEASE IndexScanClustered_50,23
0:REQUEST FileScan_100,16
1:REQUEST IndexScanClustered_50,24
1:RELEASE IndexScanClustered_50,24
1:REQUEST IndexScanClustered_50,25
1:RELEASE IndexScanClustered_50,25
0:RELEASE FileScan_100,16
1:REQUEST IndexScanClustered_50,26
1:RELEASE IndexScanClustered_50,26
0:REQUEST FileScan_100,17
0:RELEASE FileScan_100,17
1:REQUEST IndexScanClustered_50,27
0:REQUEST FileScan_100,18
1:RELEASE IndexScanClustered_50,27
1:REQUEST IndexScanClustered_50,28
0:RELEASE FileScan_100,18
0:REQUEST FileScan_100,19
0:RELEASE FileScan_100,19
0:REQUEST FileScan_100,20
0:RELEASE FileScan_100,20
1:RELEASE IndexScanClustered_50,28
0:REQUEST FileScan_100,21
1:REQUEST IndexScanClustered_50,29
0:RELEASE FileScan_100,21
0:REQUEST FileScan_100,22
1:RELEASE IndexScanClustered_50,29
0:RELEASE FileScan_100,22
0:REQUEST FileScan_100,23
1:REQUEST IndexScanClustered_50,30
1:RELEASE IndexScanClustered_50,30
0:RELEASE FileScan_100,23
1:REQUEST IndexScanClustered_50,31
1:RELEASE IndexScanClustered_50,31
0:REQUEST FileScan_100,24
0:RELEASE FileScan_100,24
0:REQUEST FileScan_100,25
0:RELEASE FileScan_100,25
0:REQUEST FileScan_100,26
1:REQUEST IndexScanClustered_50,32
0:RELEASE FileScan_100,26
1:RELEASE IndexScanClustered_50,32
1:REQUEST IndexScanClustered_50,33
0:REQUEST FileScan_100,27
0:RELEASE FileScan_100,27
0:REQUEST FileScan_100,28
1:RELEASE IndexScanClustered_50,33
1:REQUEST IndexScanClustered_50,34
0:RELEASE FileScan_100,28
0:REQUEST FileScan_100,29
0:RELEASE FileScan_100,29
0:REQUEST FileScan_100,30
0:RELEASE FileScan_100,30
0:REQUEST FileScan_100,31
0:RELEASE FileScan_100,31
1:RELEASE IndexScanClustered_50,34
0:REQUEST FileScan_100,32
0:RELEASE FileScan_100,32
1:REQUEST IndexScanClustered_50,35
0:REQUEST FileScan_100,33
0:RELEASE FileScan_100,33
1:RELEASE IndexScanClustered_50,35
0:REQUEST FileScan_100,34
0:RELEASE FileScan_100,34
0:REQUEST FileScan_100,35
0:RELEASE FileScan_100,35
0:REQUEST FileScan_100,36
1:REQUEST IndexScanClustered_50,36
0:RELEASE FileScan_100,36
1:RELEASE IndexScanClustered_50,36
1:REQUEST IndexScanClustered_50,37
1:RELEASE IndexScanClustered_50,37
0:REQUEST FileScan_100,37
1:REQUEST IndexScanClustered_50,38
1:RELEASE IndexScanClustered_50,38
1:REQUEST IndexScanClustered_50,39
0:RELEASE FileScan_100,37
1:RELEASE IndexScanClustered_50,39
1:REQUEST IndexScanClustered_50,40
1:RELEASE IndexScanClustered_50,40
0:REQUEST FileScan_100,38
1:REQUEST IndexScanClustered_50,41
0:RELEASE FileScan_100,38
0:REQUEST FileScan_100,39
0:RELEASE FileScan_100,39
0:REQUEST FileScan_100,40
1:RELEASE IndexScanClustered_50,41
0:RELEASE FileScan_100,40
1:REQUEST IndexScanClustered_50,42
1:RELEASE IndexScanClustered_50,42
1:REQUEST IndexScanClustered_50,43
0:REQUEST FileScan_100,41
0:RELEASE FileScan_100,41
1:RELEASE IndexScanClustered_50,43
1:REQUEST IndexScanClustered_50,44
1:RELEASE IndexScanClustered_50,44
1:REQUEST IndexScanClustered_50,45
1:RELEASE IndexScanClustered_50,45
0:REQUEST FileScan_100,42
1:REQUEST IndexScanClustered_50,46
0:RELEASE FileScan_100,42
1:RELEASE IndexScanClustered_50,46
0:REQUEST FileScan_100,43
1:REQUEST IndexScanClustered_50,47
1:RELEASE IndexScanClustered_50,47
1:REQUEST IndexScanClustered_50,48
1:RELEASE IndexScanClustered_50,48
1:REQUEST IndexScanClustered_50,49
0:RELEASE FileScan_100,43
1:RELEASE IndexScanClustered_50,49
0:REQUEST FileScan_100,44
0:RELEASE FileScan_100,44
0:REQUEST FileScan_100,45
1:REQUEST IndexScanClustered_50,50
0:RELEASE FileScan_100,45
0:REQUEST FileScan_100,46
1:RELEASE IndexScanClustered_50,50
0:RELEASE FileScan_100,46
1:REQUEST IndexScanClustered_50,51
0:REQUEST FileScan_100,47
1:RELEASE IndexScanClustered_50,51
1:REQUEST IndexScanClustered_50,52
0:RELEASE FileScan_100,47
0:REQUEST FileScan_100,48
0:RELEASE FileScan_100,48
1:RELEASE IndexScanClustered_50,52
1:REQUEST IndexScanClustered_50,53
1:RELEASE IndexScanClustered_50,53
0:REQUEST FileScan_100,49
1:REQUEST IndexScanClustered_50,54
0:RELEASE FileScan_100,49
0:REQUEST FileScan_100,50
1:RELEASE IndexScanClustered_50,54
1:REQUEST IndexScanClustered_50,55
0:RELEASE FileScan_100,50
1:RELEASE IndexScanClustered_50,55
1:REQUEST IndexScanClustered_50,56
1:RELEASE IndexScanClustered_50,56
0:REQUEST FileScan_100,51
0:RELEASE FileScan_100,51
0:REQUEST FileScan_100,52
1:REQUEST IndexScanClustered_50,57
0:RELEASE FileScan_100,52
1:RELEASE IndexScanClustered_50,57
1:REQUEST IndexScanClustered_50,58
1:RELEASE IndexScanClustered_50,58
0:REQUEST FileScan_100,53
0:RELEASE FileScan_100,53
1:REQUEST IndexScanClustered_50,59
1:RELEASE IndexScanClustered_50,59
1:REQUEST IndexScanClustered_50,60
1:RELEASE IndexScanClustered_50,60
1:REQUEST IndexScanClustered_50,61
1:RELEASE IndexScanClustered_50,61
1:REQUEST IndexScanClustered_50,62
0:REQUEST FileScan_100,54
0:RELEASE FileScan_100,54
0:REQUEST FileScan_100,55
0:RELEASE FileScan_100,55
1:RELEASE IndexScanClustered_50,62
1:REQUEST IndexScanClustered_50,63
0:REQUEST FileScan_100,56
1:RELEASE IndexScanClustered_50,63
0:RELEASE FileScan_100,56
0:REQUEST FileScan_100,57
1:REQUEST IndexScanClustered_50,64
1:RELEASE IndexScanClustered_50,64
0:RELEASE FileScan_100,57
0:REQUEST FileScan_100,58
0:RELEASE FileScan_100,58
1:REQUEST IndexScanClustered_50,65
1:RELEASE IndexScanClustered_50,65
2:REQUEST IndexScanClustered_50_index,0
2:RELEASE IndexScanClustered_50_index,0
0:REQUEST FileScan_100,59
2:REQUEST IndexScanClustered_50_index,1
2:RELEASE IndexScanClustered_50_index,1
0:RELEASE FileScan_100,59
2:REQUEST IndexScanClustered_50_index,2
0:REQUEST FileScan_100,60
2:RELEASE IndexScanClustered_50_index,2
0:RELEASE FileScan_100,60
2:REQUEST IndexScanClustered_50_index,3
2:RELEASE IndexScanClustered_50_index,3
0:REQUEST FileScan_100,61
2:REQUEST IndexScanClustered_50_index,4
2:RELEASE IndexScanClustered_50_index,4
2:REQUEST IndexScanClustered_50,16
0:RELEASE FileScan_100,61
2:RELEASE IndexScanClustered_50,16
0:REQUEST FileScan_100,62
0:RELEASE FileScan_100,62
2:REQUEST IndexScanClustered_50,17
2:RELEASE IndexScanClustered_50,17
2:REQUEST IndexScanClustered_50,18
0:REQUEST FileScan_100,63
2:RELEASE IndexScanClustered_50,18
0:RELEASE FileScan_100,63
0:REQUEST FileScan_100,64
0:RELEASE FileScan_100,64
2:REQUEST IndexScanClustered_50,19
0:REQUEST FileScan_100,65
0:RELEASE FileScan_100,65
2:RELEASE IndexScanClustered_50,19
2:REQUEST IndexScanClustered_50,20
2:RELEASE IndexScanClustered_50,20
2:REQUEST IndexScanClustered_50,21
2:RELEASE IndexScanClustered_50,21
2:REQUEST IndexScanClustered_50,22
0:REQUEST FileScan_100,66
2:RELEASE IndexScanClustered_50,22
0:RELEASE FileScan_100,66
0:REQUEST FileScan_100,67
2:REQUEST IndexScanClustered_50,23
2:RELEASE IndexScanClustered_50,23
0:RELEASE FileScan_100,67
0:REQUEST FileScan_100,68
0:RELEASE FileScan_100,68
2:REQUEST IndexScanClustered_50,24
2:RELEASE IndexScanClustered_50,24
0:REQUEST FileScan_100,69
2:REQUEST IndexScanClustered_50,25
2:RELEASE IndexScanClustered_50,25
0:RELEASE FileScan_100,69
2:REQUEST IndexScanClustered_50,26
0:REQUEST FileScan_100,70
2:RELEASE IndexScanClustered_50,26
0:RELEASE FileScan_100,70
2:REQUEST IndexScanClustered_50,27
0:REQUEST FileScan_100,71
0:RELEASE FileScan_100,71
2:RELEASE IndexScanClustered_50,27
0:REQUEST FileScan_100,72
2:REQUEST IndexScanClustered_50,28
0:RELEASE FileScan_100,72
2:RELEASE IndexScanClustered_50,28
2:REQUEST IndexScanClustered_50,29
2:RELEASE IndexScanClustered_50,29
0:REQUEST FileScan_100,73
0:RELEASE FileScan_100,73
2:REQUEST IndexScanClustered_50,30
2:RELEASE IndexScanClustered_50,30
2:REQUEST IndexScanClustered_50,31
2:RELEASE IndexScanClustered_50,31
2:REQUEST IndexScanClustered_50,32
0:REQUEST FileScan_100,74
0:RELEASE FileScan_100,74
0:REQUEST FileScan_100,75
2:RELEASE IndexScanClustered_50,32
2:REQUEST IndexScanClustered_50,33
0:RELEASE FileScan_100,75
2:RELEASE IndexScanClustered_50,33
2:REQUEST IndexScanClustered_50,34
0:REQUEST FileScan_100,76
2:RELEASE IndexScanClustered_50,34
2:REQUEST IndexScanClustered_50,35
2:RELEASE IndexScanClustered_50,35
0:RELEASE FileScan_100,76
0:REQUEST FileScan_100,77
2:REQUEST IndexScanClustered_50,36
2:RELEASE IndexScanClustered_50,36
0:RELEASE FileScan_100,77
0:REQUEST FileScan_100,78
0:RELEASE FileScan_100,78
2:REQUEST IndexScanClustered_50,37
0:REQUEST FileScan_100,79
2:RELEASE IndexScanClustered_50,37
0:RELEASE FileScan_100,79
0:REQUEST FileScan_100,80
0:RELEASE FileScan_100,80
0:REQUEST FileScan_100,81
2:REQUEST IndexScanClustered_50,38
2:RELEASE IndexScanClustered_50,38
2:REQUEST IndexScanClustered_50,39
0:RELEASE FileScan_100,81
0:REQUEST FileScan_100,82
2:RELEASE IndexScanClustered_50,39
0:RELEASE FileScan_100,82
0:REQUEST FileScan_100,83
2:REQUEST IndexScanClustered_50,40
2:RELEASE IndexScanClustered_50,40
0:RELEASE FileScan_100,83
0:REQUEST FileScan_100,84
2:REQUEST IndexScanClustered_50,41
0:RELEASE FileScan_100,84
0:REQUEST FileScan_100,85
0:RELEASE FileScan_100,85
0:REQUEST FileScan_100,86
2:RELEASE IndexScanClustered_50,41
2:REQUEST IndexScanClustered_50,42
2:RELEASE IndexScanClustered_50,42
0:RELEASE FileScan_100,86
0:REQUEST FileScan_100,87
2:REQUEST IndexScanClustered_50,43
2:RELEASE IndexScanClustered_50,43
0:RELEASE FileScan_100,87
2:REQUEST IndexScanClustered_50,44
2:RELEASE IndexScanClustered_50,44
2:REQUEST IndexScanClustered_50,45
0:REQUEST FileScan_100,88
2:RELEASE IndexScanClustered_50,45
0:RELEASE FileScan_100,88
2:REQUEST IndexScanClustered_50,46
2:RELEASE IndexScanClustered_50,46
2:REQUEST IndexScanClustered_50,47
2:RELEASE IndexScanClustered_50,47
0:REQUEST FileScan_100,89
2:REQUEST IndexScanClustered_50,48
2:RELEASE IndexScanClustered_50,48
0:RELEASE FileScan_100,89
0:REQUEST FileScan_100,90
2:REQUEST IndexScanClustered_50,49
0:RELEASE FileScan_100,90
2:RELEASE IndexScanClustered_50,49
2:REQUEST IndexScanClustered_50,50
2:RELEASE IndexScanClustered_50,50
0:REQUEST FileScan_100,91
0:RELEASE FileScan_100,91
0:REQUEST FileScan_100,92
2:REQUEST IndexScanClustered_50,51
0:RELEASE FileScan_100,92
2:RELEASE IndexScanClustered_50,51
0:REQUEST FileScan_100,93
0:RELEASE FileScan_100,93
2:REQUEST IndexScanClustered_50,52
0:REQUEST FileScan_100,94
2:RELEASE IndexScanClustered_50,52
0:RELEASE FileScan_100,94
2:REQUEST IndexScanClustered_50,53
2:RELEASE IndexScanClustered_50,53
0:REQUEST FileScan_100,95
0:RELEASE FileScan_100,95
0:REQUEST FileScan_100,96
2:REQUEST IndexScanClustered_50,54
2:RELEASE IndexScanClustered_50,54
2:REQUEST IndexScanClustered_50,55
2:RELEASE IndexScanClustered_50,55
2:REQUEST IndexScanClustered_50,56
0:RELEASE FileScan_100,96
0:REQUEST FileScan_100,97
0:RELEASE FileScan_100,97
0:REQUEST FileScan_100,98
2:RELEASE IndexScanClustered_50,56
0:RELEASE FileScan_100,98
2:REQUEST IndexScanClustered_50,57
0:REQUEST FileScan_100,99
2:RELEASE IndexScanClustered_50,57
0:RELEASE FileScan_100,99
0:REQUEST FileScan_100,0
2:REQUEST IndexScanClustered_50,58
2:RELEASE IndexScanClustered_50,58
2:REQUEST IndexScanClustered_50,59
0:RELEASE FileScan_100,0
0:REQUEST FileScan_100,1
2:RELEASE IndexScanClustered_50,59
2:REQUEST IndexScanClustered_50,60
0:RELEASE FileScan_100,1
2:RELEASE IndexScanClustered_50,60
0:REQUEST FileScan_100,2
0:RELEASE FileScan_100,2
0:REQUEST FileScan_100,3
0:RELEASE FileScan_100,3
2:REQUEST IndexScanClustered_50,61
2:RELEASE IndexScanClustered_50,61
0:REQUEST FileScan_100,4
0:RELEASE FileScan_100,4
0:REQUEST FileScan_100,5
0:RELEASE FileScan_100,5
2:REQUEST IndexScanClustered_50,62
2:RELEASE IndexScanClustered_50,62
2:REQUEST IndexScanClustered_50,63
0:REQUEST FileScan_100,6
0:RELEASE FileScan_100,6
2:RELEASE IndexScanClustered_50,63
0:REQUEST FileScan_100,7
0:RELEASE FileScan_100,7
0:REQUEST FileScan_100,8
2:REQUEST IndexScanClustered_50,64
2:RELEASE IndexScanClustered_50,64
0:RELEASE FileScan_100,8
2:REQUEST IndexScanClustered_50,65
2:RELEASE IndexScanClustered_50,65
0:REQUEST FileScan_100,9
3:REQUEST IndexScanClustered_50_index,0
0:RELEASE FileScan_100,9
0:REQUEST FileScan_100,10
0:RELEASE FileScan_100,10
0:REQUEST FileScan_100,11
3:RELEASE IndexScanClustered_50_index,0
3:REQUEST IndexScanClustered_50_index,1
3:RELEASE IndexScanClustered_50_index,1
3:REQUEST IndexScanClustered_50_index,2
3:RELEASE IndexScanClustered_50_index,2
0:RELEASE FileScan_100,11
0:REQUEST FileScan_100,12
3:REQUEST IndexScanClustered_50_index,3
3:RELEASE IndexScanClustered_50_index,3
3:REQUEST IndexScanClustered_50_index,4
0:RELEASE FileScan_100,12
0:REQUEST FileScan_100,13
0:RELEASE FileScan_100,13
0:REQUEST FileScan_100,14
3:RELEASE IndexScanClustered_50_index,4
0:RELEASE FileScan_100,14
0:REQUEST FileScan_100,15
0:RELEASE FileScan_100,15
0:REQUEST FileScan_100,16
3:REQUEST IndexScanClustered_50,16
3:RELEASE IndexScanClustered_50,16
0:RELEASE FileScan_100,16
0:REQUEST FileScan_100,17
0:RELEASE FileScan_100,17
0:REQUEST FileScan_100,18
0:RELEASE FileScan_100,18
0:REQUEST FileScan_100,19
3:REQUEST IndexScanClustered_50,17
3:RELEASE IndexScanClustered_50,17
3:REQUEST IndexScanClustered_50,18
0:RELEASE FileScan_100,19
3:RELEASE IndexScanClustered_50,18
0:REQUEST FileScan_100,20
3:REQUEST IndexScanClustered_50,19
3:RELEASE IndexScanClustered_50,19
0:RELEASE FileScan_100,20
3:REQUEST IndexScanClustered_50,20
0:REQUEST FileScan_100,21
3:RELEASE IndexScanClustered_50,20
0:RELEASE FileScan_100,21
0:REQUEST FileScan_100,22
3:REQUEST IndexScanClustered_50,21
3:RELEASE IndexScanClustered_50,21
3:REQUEST IndexScanClustered_50,22
3:RELEASE IndexScanClustered_50,22
3:REQUEST IndexScanClustered_50,23
0:RELEASE FileScan_100,22
3:RELEASE IndexScanClustered_50,23
3:REQUEST IndexScanClustered_50,24
0:REQUEST FileScan_100,23
3:RELEASE IndexScanClustered_50,24
3:REQUEST IndexScanClustered_50,25
3:RELEASE IndexScanClustered_50,25
0:RELEASE FileScan_100,23
0:REQUEST FileScan_100,24
3:REQUEST IndexScanClustered_50,26
0:RELEASE FileScan_100,24
0:REQUEST FileScan_100,25
3:RELEASE IndexScanClustered_50,26
3:REQUEST IndexScanClustered_50,27
0:RELEASE FileScan_100,25
3:RELEASE IndexScanClustered_50,27
0:REQUEST FileScan_100,26
0:RELEASE FileScan_100,26
0:REQUEST FileScan_100,27
3:REQUEST IndexScanClustered_50,28
3:RELEASE IndexScanClustered_50,28
3:REQUEST IndexScanClustered_50,29
3:RELEASE IndexScanClustered_50,29
0:RELEASE FileScan_100,27
0:REQUEST FileScan_100,28
3:REQUEST IndexScanClustered_50,30
0:RELEASE FileScan_100,28
0:REQUEST FileScan_100,29
3:RELEASE IndexScanClustered_50,30
0:RELEASE FileScan_100,29
3:REQUEST IndexScanClustered_50,31
3:RELEASE IndexScanClustered_50,31
0:REQUEST FileScan_100,30
0:RELEASE FileScan_100,30
0:REQUEST FileScan_100,31
0:RELEASE FileScan_100,31
3:REQUEST IndexScanClustered_50,32
0:REQUEST FileScan_100,32
3:RELEASE IndexScanClustered_50,32
3:REQUEST IndexScanClustered_50,33
3:RELEASE IndexScanClustered_50,33
0:RELEASE FileScan_100,32
3:REQUEST IndexScanClustered_50,34
3:RELEASE IndexScanClustered_50,34
3:REQUEST IndexScanClustered_50,35
0:REQUEST FileScan_100,33
0:RELEASE FileScan_100,33
3:RELEASE IndexScanClustered_50,35
0:REQUEST FileScan_100,34
0:RELEASE FileScan_100,34
3:REQUEST IndexScanClustered_50,36
0:REQUEST FileScan_100,35
0:RELEASE FileScan_100,35
0:REQUEST FileScan_100,36
3:RELEASE IndexScanClustered_50,36
0:RELEASE FileScan_100,36
0:REQUEST FileScan_100,37
0:RELEASE FileScan_100,37
3:REQUEST IndexScanClustered_50,37
0:REQUEST FileScan_100,38
0:RELEASE FileScan_100,38
3:RELEASE IndexScanClustered_50,37
0:REQUEST FileScan_100,39
0:RELEASE FileScan_100,39
3:REQUEST IndexScanClustered_50,38
0:REQUEST FileScan_100,40
3:RELEASE IndexScanClustered_50,38
0:RELEASE FileScan_100,40
3:REQUEST IndexScanClustered_50,39
0:REQUEST FileScan_100,41
3:RELEASE IndexScanClustered_50,39
3:REQUEST IndexScanClustered_50,40
0:RELEASE FileScan_100,41
3:RELEASE IndexScanClustered_50,40
3:REQUEST IndexScanClustered_50,41
3:RELEASE IndexScanClustered_50,41
3:REQUEST IndexScanClustered_50,42
0:REQUEST FileScan_100,42
0:RELEASE FileScan_100,42
0:REQUEST FileScan_100,43
0:RELEASE FileScan_100,43
3:RELEASE IndexScanClustered_50,42
3:REQUEST IndexScanClustered_50,43
0:REQUEST FileScan_100,44
0:RELEASE FileScan_100,44
0:REQUEST FileScan_100,45
3:RELEASE IndexScanClustered_50,43
0:RELEASE FileScan_100,45
3:REQUEST IndexScanClustered_50,44
0:REQUEST FileScan_100,46
0:RELEASE FileScan_100,46
0:REQUEST FileScan_100,47
0:RELEASE FileScan_100,47
3:RELEASE IndexScanClustered_50,44
3:REQUEST IndexScanClustered_50,45
3:RELEASE IndexScanClustered_50,45
3:REQUEST IndexScanClustered_50,46
0:REQUEST FileScan_100,48
3:RELEASE IndexScanClustered_50,46
0:RELEASE FileScan_100,48
0:REQUEST FileScan_100,49
0:RELEASE FileScan_100,49
0:REQUEST FileScan_100,50
3:REQUEST IndexScanClustered_50,47
3:RELEASE IndexScanClustered_50,47
0:RELEASE FileScan_100,50
3:REQUEST IndexScanClustered_50,48
3:RELEASE IndexScanClustered_50,48
3:REQUEST IndexScanClustered_50,49
3:RELEASE IndexScanClustered_50,49
0:REQUEST FileScan_100,51
3:REQUEST IndexScanClustered_50,50
3:RELEASE IndexScanClustered_50,50
3:REQUEST IndexScanClustered_50,51
0:RELEASE FileScan_100,51
3:RELEASE IndexScanClustered_50,51
3:REQUEST IndexScanClustered_50,52
3:RELEASE IndexScanClustered_50,52
0:REQUEST FileScan_100,52
3:REQUEST IndexScanClustered_50,53
3:RELEASE IndexScanClustered_50,53
3:REQUEST IndexScanClustered_50,54
3:RELEASE IndexScanClustered_50,54
3:REQUEST IndexScanClustered_50,55
3:RELEASE IndexScanClustered_50,55
3:REQUEST IndexScanClustered_50,56
0:RELEASE FileScan_100,52
0:REQUEST FileScan_100,53
3:RELEASE IndexScanClustered_50,56
0:RELEASE FileScan_100,53
3:REQUEST IndexScanClustered_50,57
0:REQUEST FileScan_100,54
3:RELEASE IndexScanClustered_50,57
3:REQUEST IndexScanClustered_50,58
0:RELEASE FileScan_100,54
0:REQUEST FileScan_100,55
0:RELEASE FileScan_100,55
0:REQUEST FileScan_100,56
0:RELEASE FileScan_100,56
3:RELEASE IndexScanClustered_50,58
0:REQUEST FileScan_100,57
0:RELEASE FileScan_100,57
0:REQUEST FileScan_100,58
3:REQUEST IndexScanClustered_50,59
3:RELEASE IndexScanClustered_50,59
0:RELEASE FileScan_100,58
3:REQUEST IndexScanClustered_50,60
3:RELEASE IndexScanClustered_50,60
3:REQUEST IndexScanClustered_50,61
0:REQUEST FileScan_100,59
0:RELEASE FileScan_100,59
3:RELEASE IndexScanClustered_50,61
0:REQUEST FileScan_100,60
0:RELEASE FileScan_100,60
0:REQUEST FileScan_100,61
0:RELEASE FileScan_100,61
0:REQUEST FileScan_100,62
3:REQUEST IndexScanClustered_50,62
3:RELEASE IndexScanClustered_50,62
0:RELEASE FileScan_100,62
3:REQUEST IndexScanClustered_50,63
0:REQUEST FileScan_100,63
0:RELEASE FileScan_100,63
0:REQUEST FileScan_100,64
0:RELEASE FileScan_100,64
3:RELEASE IndexScanClustered_50,63
0:REQUEST FileScan_100,65
3:REQUEST IndexScanClustered_50,64
0:RELEASE FileScan_100,65
3:RELEASE IndexScanClustered_50,64
3:REQUEST IndexScanClustered_50,65
3:RELEASE IndexScanClustered_50,65
0:REQUEST FileScan_100,66
0:RELEASE FileScan_100,66
0:REQUEST FileScan_100,67
0:RELEASE FileScan_100,67
0:REQUEST FileScan_100,68
0:RELEASE FileScan_100,68
0:REQUEST FileScan_100,69
0:RELEASE FileScan_100,69
0:REQUEST FileScan_100,70
0:RELEASE FileScan_100,70
0:REQUEST FileScan_100,71
0:RELEASE FileScan_100,71
0:REQUEST FileScan_100,72
0:RELEASE FileScan_100,72
0:REQUEST FileScan_100,73
0:RELEASE FileScan_100,73
0:REQUEST FileScan_100,74
0:RELEASE FileScan_100,74
0:REQUEST FileScan_100,75
0:RELEASE FileScan_100,75
0:REQUEST FileScan_100,76
0:RELEASE FileScan_100,76
0:REQUEST FileScan_100,77
0:RELEASE FileScan_100,77
0:REQUEST FileScan_100,78
0:RELEASE FileScan_100,78
0:REQUEST FileScan_100,79
0:RELEASE FileScan_100,79
0:REQUEST FileScan_100,80
0:RELEASE FileScan_100,80
0:REQUEST FileScan_100,81
0:RELEASE FileScan_100,81
0:REQUEST FileScan_100,82
0:RELEASE FileScan_100,82
0:REQUEST FileScan_100,83
0:RELEASE FileScan_100,83
0:REQUEST FileScan_100,84
0:RELEASE FileScan_100,84
0:REQUEST FileScan_100,85
0:RELEASE FileScan_100,85
0:REQUEST FileScan_100,86
0:RELEASE FileScan_100,86
0:REQUEST FileScan_100,87
0:RELEASE FileScan_100,87
0:REQUEST FileScan_100,88
0:RELEASE FileScan_100,88
0:REQUEST FileScan_100,89
0:RELEASE FileScan_100,89
0:REQUEST FileScan_100,90
0:RELEASE FileScan_100,90
0:REQUEST FileScan_100,91
0:RELEASE FileScan_100,91
0:REQUEST FileScan_100,92
0:RELEASE FileScan_100,92
0:REQUEST FileScan_100,93
0:RELEASE FileScan_100,93
0:REQUEST FileScan_100,94
0:RELEASE FileScan_100,94
0:REQUEST FileScan_100,95
0:RELEASE FileScan_100,95
0:REQUEST FileScan_100,96
0:RELEASE FileScan_100,96
0:REQUEST FileScan_100,97
0:RELEASE FileScan_100,97
0:REQUEST FileScan_100,98
0:RELEASE FileScan_100,98
0:REQUEST FileScan_100,99
0:RELEASE FileScan_100,99
1:REQUEST FileScan_10,0
1:RELEASE FileScan_10,0
1:REQUEST FileScan_10,1
1:RELEASE FileScan_10,1
1:REQUEST FileScan_10,2
1:RELEASE FileScan_10,2
1:REQUEST FileScan_10,3
1:RELEASE FileScan_10,3
1:REQUEST FileScan_10,4
1:RELEASE FileScan_10,4
1:REQUEST FileScan_10,5
1:RELEASE FileScan_10,5
1:REQUEST FileScan_10,6
1:RELEASE FileScan_10,6
1:REQUEST FileScan_10,7
1:RELEASE FileScan_10,7
1:REQUEST FileScan_10,8
1:RELEASE FileScan_10,8
1:REQUEST FileScan_10,9
1:RELEASE FileScan_10,9
1:REQUEST FileScan_100,0
1:RELEASE FileScan_100,0
1:REQUEST FileScan_100,1
1:RELEASE FileScan_100,1
0:REQUEST IndexScanUnclustered_130_index,0
1:REQUEST FileScan_100,2
0:RELEASE IndexScanUnclustered_130_index,0
1:RELEASE FileScan_100,2
1:REQUEST FileScan_100,3
0:REQUEST IndexScanUnclustered_130_index,1
0:RELEASE IndexScanUnclustered_130_index,1
1:RELEASE FileScan_100,3
0:REQUEST IndexScanUnclustered_130_index,2
0:RELEASE IndexScanUnclustered_130_index,2
1:REQUEST FileScan_100,4
1:RELEASE FileScan_100,4
0:REQUEST IndexScanUnclustered_130_index,3
1:REQUEST FileScan_100,5
0:RELEASE IndexScanUnclustered_130_index,3
0:REQUEST IndexScanUnclustered_130_index,4
0:RELEASE IndexScanUnclustered_130_index,4
0:REQUEST IndexScanUnclustered_130_index,5
1:RELEASE FileScan_100,5
1:REQUEST FileScan_100,6
0:RELEASE IndexScanUnclustered_130_index,5
0:REQUEST IndexScanUnclustered_130_index,6
0:RELEASE IndexScanUnclustered_130_index,6
0:REQUEST IndexScanUnclustered_130_index,7
0:RELEASE IndexScanUnclustered_130_index,7
1:RELEASE FileScan_100,6
0:REQUEST IndexScanUnclustered_130_index,8
0:RELEASE IndexScanUnclustered_130_index,8
0:REQUEST IndexScanUnclustered_130_index,9
0:RELEASE IndexScanUnclustered_130_index,9
0:REQUEST IndexScanUnclustered_130_index,10
0:RELEASE IndexScanUnclustered_130_index,10
0:REQUEST IndexScanUnclustered_130_index,11
0:RELEASE IndexScanUnclustered_130_index,11
0:REQUEST IndexScanUnclustered_130_index,12
0:RELEASE IndexScanUnclustered_130_index,12
0:REQUEST IndexScanUnclustered_130,67
1:REQUEST FileScan_100,7
1:RELEASE FileScan_100,7
1:REQUEST FileScan_100,8
1:RELEASE FileScan_100,8
1:REQUEST FileScan_100,9
0:RELEASE IndexScanUnclustered_130,67
0:REQUEST IndexScanUnclustered_130,115
0:RELEASE IndexScanUnclustered_130,115
0:REQUEST IndexScanUnclustered_130,25
1:RELEASE FileScan_100,9
1:REQUEST FileScan_100,10
1:RELEASE FileScan_100,10
1:REQUEST FileScan_100,11
0:RELEASE IndexScanUnclustered_130,25
0:REQUEST IndexScanUnclustered_130,121
1:RELEASE FileScan_100,11
1:REQUEST FileScan_100,12
0:RELEASE IndexScanUnclustered_130,121
0:REQUEST IndexScanUnclustered_130,61
0:RELEASE IndexScanUnclustered_130,61
1:RELEASE FileScan_100,12
0:REQUEST IndexScanUnclustered_130,126
0:RELEASE IndexScanUnclustered_130,126
1:REQUEST FileScan_100,13
0:REQUEST IndexScanUnclustered_130,26
0:RELEASE IndexScanUnclustered_130,26
0:REQUEST IndexScanUnclustered_130,57
1:RELEASE FileScan_100,13
1:REQUEST FileScan_100,14
1:RELEASE FileScan_100,14
1:REQUEST FileScan_100,15
1:RELEASE FileScan_100,15
0:RELEASE IndexScanUnclustered_130,57
0:REQUEST IndexScanUnclustered_130,87
0:RELEASE IndexScanUnclustered_130,87
1:REQUEST FileScan_100,16
0:REQUEST IndexScanUnclustered_130,111
1:RELEASE FileScan_100,16
1:REQUEST FileScan_100,17
0:RELEASE IndexScanUnclustered_130,111
1:RELEASE FileScan_100,17
0:REQUEST IndexScanUnclustered_130,36
0:RELEASE IndexScanUnclustered_130,36
0:REQUEST IndexScanUnclustered_130,76
0:RELEASE IndexScanUnclustered_130,76
1:REQUEST FileScan_100,18
0:REQUEST IndexScanUnclustered_130,58
0:RELEASE IndexScanUnclustered_130,58
0:REQUEST IndexScanUnclustered_130,13
1:RELEASE FileScan_100,18
0:RELEASE IndexScanUnclustered_130,13
0:REQUEST IndexScanUnclustered_130,76
0:RELEASE IndexScanUnclustered_130,76
1:REQUEST FileScan_100,19
1:RELEASE FileScan_100,19
1:REQUEST FileScan_100,20
1:RELEASE FileScan_100,20
0:REQUEST IndexScanUnclustered_130,93
0:RELEASE IndexScanUnclustered_130,93
0:REQUEST IndexScanUnclustered_130,120
0:RELEASE IndexScanUnclustered_130,120
1:REQUEST FileScan_100,21
0:REQUEST IndexScanUnclustered_130,48
1:RELEASE FileScan_100,21
0:RELEASE IndexScanUnclustered_130,48
0:REQUEST IndexScanUnclustered_130,81
0:RELEASE IndexScanUnclustered_130,81
1:REQUEST FileScan_100,22
0:REQUEST IndexScanUnclustered_130,55
0:RELEASE IndexScanUnclustered_130,55
0:REQUEST IndexScanUnclustered_130,82
0:RELEASE IndexScanUnclustered_130,82
0:REQUEST IndexScanUnclustered_130,121
0:RELEASE IndexScanUnclustered_130,121
1:RELEASE FileScan_100,22
1:REQUEST FileScan_100,23
0:REQUEST IndexScanUnclustered_130,37
0:RELEASE IndexScanUnclustered_130,37
0:REQUEST IndexScanUnclustered_130,28
1:RELEASE FileScan_100,23
1:REQUEST FileScan_100,24
0:RELEASE IndexScanUnclustered_130,28
0:REQUEST IndexScanUnclustered_130,61
1:RELEASE FileScan_100,24
0:RELEASE IndexScanUnclustered_130,61
1:REQUEST FileScan_100,25
0:REQUEST IndexScanUnclustered_130,119
1:RELEASE FileScan_100,25
1:REQUEST FileScan_100,26
1:RELEASE FileScan_100,26
1:REQUEST FileScan_100,27
1:RELEASE FileScan_100,27
0:RELEASE IndexScanUnclustered_130,119
1:REQUEST FileScan_100,28
1:RELEASE FileScan_100,28
0:REQUEST IndexScanUnclustered_130,19
0:RELEASE IndexScanUnclustered_130,19
1:REQUEST FileScan_100,29
0:REQUEST IndexScanUnclustered_130,20
1:RELEASE FileScan_100,29
0:RELEASE IndexScanUnclustered_130,20
1:REQUEST FileScan_100,30
0:REQUEST IndexScanUnclustered_130,68
1:RELEASE FileScan_100,30
1:REQUEST FileScan_100,31
1:RELEASE FileScan_100,31
1:REQUEST FileScan_100,32
1:RELEASE FileScan_100,32
1:REQUEST FileScan_100,33
1:RELEASE FileScan_100,33
1:REQUEST FileScan_100,34
0:RELEASE IndexScanUnclustered_130,68
1:RELEASE FileScan_100,34
1:REQUEST FileScan_100,35
0:REQUEST IndexScanUnclustered_130,84
1:RELEASE FileScan_100,35
0:RELEASE IndexScanUnclustered_130,84
1:REQUEST FileScan_100,36
1:RELEASE FileScan_100,36
1:REQUEST FileScan_100,37
0:REQUEST IndexScanUnclustered_130,39
0:RELEASE IndexScanUnclustered_130,39
0:REQUEST IndexScanUnclustered_130,118
1:RELEASE FileScan_100,37
1:REQUEST FileScan_100,38
1:RELEASE FileScan_100,38
0:RELEASE IndexScanUnclustered_130,118
1:REQUEST FileScan_100,39
1:RELEASE FileScan_100,39
1:REQUEST FileScan_100,40
1:RELEASE FileScan_100,40
0:REQUEST IndexScanUnclustered_130,117
1:REQUEST FileScan_100,41
1:RELEASE FileScan_100,41
1:REQUEST FileScan_100,42
1:RELEASE FileScan_100,42
1:REQUEST FileScan_100,43
1:RELEASE FileScan_100,43
1:REQUEST FileScan_100,44
0:RELEASE IndexScanUnclustered_130,117
0:REQUEST IndexScanUnclustered_130,92
1:RELEASE FileScan_100,44
1:REQUEST FileScan_100,45
0:RELEASE IndexScanUnclustered_130,92
0:REQUEST IndexScanUnclustered_130,32
0:RELEASE IndexScanUnclustered_130,32
0:REQUEST IndexScanUnclustered_130,107
0:RELEASE IndexScanUnclustered_130,107
0:REQUEST IndexScanUnclustered_130,44
0:RELEASE IndexScanUnclustered_130,44
1:RELEASE FileScan_100,45
0:REQUEST IndexScanUnclustered_130,128
1:REQUEST FileScan_100,46
1:RELEASE FileScan_100,46
0:RELEASE IndexScanUnclustered_130,128
0:REQUEST IndexScanUnclustered_130,72
0:RELEASE IndexScanUnclustered_130,72
0:REQUEST IndexScanUnclustered_130,51
0:RELEASE IndexScanUnclustered_130,51
0:REQUEST IndexScanUnclustered_130,120
1:REQUEST FileScan_100,47
1:RELEASE FileScan_100,47
0:RELEASE IndexScanUnclustered_130,120
0:REQUEST IndexScanUnclustered_130,77
1:REQUEST FileScan_100,48
0:RELEASE IndexScanUnclustered_130,77
0:REQUEST IndexScanUnclustered_130,113
1:RELEASE FileScan_100,48
0:RELEASE IndexScanUnclustered_130,113
2:REQUEST FileScan_100,0
1:REQUEST FileScan_100,49
1:RELEASE FileScan_100,49
1:REQUEST FileScan_100,50
1:RELEASE FileScan_100,50
1:REQUEST FileScan_100,51
1:RELEASE FileScan_100,51
1:REQUEST FileScan_100,52
2:RELEASE FileScan_100,0
1:RELEASE FileScan_100,52
2:REQUEST FileScan_100,1
1:REQUEST FileScan_100,53
1:RELEASE FileScan_100,53
1:REQUEST FileScan_100,54
1:RELEASE FileScan_100,54
2:RELEASE FileScan_100,1
1:REQUEST FileScan_100,55
1:RELEASE FileScan_100,55
2:REQUEST FileScan_100,2
1:REQUEST FileScan_100,56
1:RELEASE FileScan_100,56
2:RELEASE FileScan_100,2
2:REQUEST FileScan_100,3
2:RELEASE FileScan_100,3
1:REQUEST FileScan_100,57
1:RELEASE FileScan_100,57
2:REQUEST FileScan_100,4
1:REQUEST FileScan_100,58
2:RELEASE FileScan_100,4
2:REQUEST FileScan_100,5
2:RELEASE FileScan_100,5
1:RELEASE FileScan_100,58
2:REQUEST FileScan_100,6
1:REQUEST FileScan_100,59
2:RELEASE FileScan_100,6
1:RELEASE FileScan_100,59
2:REQUEST FileScan_100,7
1:REQUEST FileScan_100,60
1:RELEASE FileScan_100,60
1:REQUEST FileScan_100,61
1:RELEASE FileScan_100,61
1:REQUEST FileScan_100,62
1:RELEASE FileScan_100,62
2:RELEASE FileScan_100,7
1:REQUEST FileScan_100,63
1:RELEASE FileScan_100,63
1:REQUEST FileScan_100,64
1:RELEASE FileScan_100,64
2:REQUEST FileScan_100,8
1:REQUEST FileScan_100,65
1:RELEASE FileScan_100,65
2:RELEASE FileScan_100,8
2:REQUEST FileScan_100,9
1:REQUEST FileScan_100,66
1:RELEASE FileScan_100,66
1:REQUEST FileScan_100,67
1:RELEASE FileScan_100,67
2:RELEASE FileScan_100,9
2:REQUEST FileScan_100,10
2:RELEASE FileScan_100,10
1:REQUEST FileScan_100,68
2:REQUEST FileScan_100,11
1:RELEASE FileScan_100,68
2:RELEASE FileScan_100,11
2:REQUEST FileScan_100,12
1:REQUEST FileScan_100,69
1:RELEASE FileScan_100,69
2:RELEASE FileScan_100,12
2:REQUEST FileScan_100,13
1:REQUEST FileScan_100,70
2:RELEASE FileScan_100,13
1:RELEASE FileScan_100,70
1:REQUEST FileScan_100,71
1:RELEASE FileScan_100,71
1:REQUEST FileScan_100,72
2:REQUEST FileScan_100,14
2:RELEASE FileScan_100,14
1:RELEASE FileScan_100,72
1:REQUEST FileScan_100,73
2:REQUEST FileScan_100,15
1:RELEASE FileScan_100,73
2:RELEASE FileScan_100,15
1:REQUEST FileScan_100,74
1:RELEASE FileScan_100,74
1:REQUEST FileScan_100,75
2:REQUEST FileScan_100,16
1:RELEASE FileScan_100,75
2:RELEASE FileScan_100,16
2:REQUEST FileScan_100,17
2:RELEASE FileScan_100,17
1:REQUEST FileScan_100,76
2:REQUEST FileScan_100,18
1:RELEASE FileScan_100,76
1:REQUEST FileScan_100,77
1:RELEASE FileScan_100,77
1:REQUEST FileScan_100,78
2:RELEASE FileScan_100,18
1:RELEASE FileScan_100,78
2:REQUEST FileScan_100,19
2:RELEASE FileScan_100,19
1:REQUEST FileScan_100,79
1:RELEASE FileScan_100,79
1:REQUEST FileScan_100,80
1:RELEASE FileScan_100,80
2:REQUEST FileScan_100,20
2:RELEASE FileScan_100,20
2:REQUEST FileScan_100,21
2:RELEASE FileScan_100,21
1:REQUEST FileScan_100,81
1:RELEASE FileScan_100,81
1:REQUEST FileScan_100,82
2:REQUEST FileScan_100,22
1:RELEASE FileScan_100,82
2:RELEASE FileScan_100,22
1:REQUEST FileScan_100,83
1:RELEASE FileScan_100,83
2:REQUEST FileScan_100,23
2:RELEASE FileScan_100,23
1:REQUEST FileScan_100,84
1:RELEASE FileScan_100,84
1:REQUEST FileScan_100,85
1:RELEASE FileScan_100,85
2:REQUEST FileScan_100,24
1:REQUEST FileScan_100,86
1:RELEASE FileScan_100,86
2:RELEASE FileScan_100,24
2:REQUEST FileScan_100,25
1:REQUEST FileScan_100,87
2:RELEASE FileScan_100,25
2:REQUEST FileScan_100,26
1:RELEASE FileScan_100,87
1:REQUEST FileScan_100,88
1:RELEASE FileScan_100,88
1:REQUEST FileScan_100,89
2:RELEASE FileScan_100,26
1:RELEASE FileScan_100,89
2:REQUEST FileScan_100,27
1:REQUEST FileScan_100,90
2:RELEASE FileScan_100,27
2:REQUEST FileScan_100,28
2:RELEASE FileScan_100,28
1:RELEASE FileScan_100,90
2:REQUEST FileScan_100,29
1:REQUEST FileScan_100,91
1:RELEASE FileScan_100,91
1:REQUEST FileScan_100,92
1:RELEASE FileScan_100,92
1:REQUEST FileScan_100,93
1:RELEASE FileScan_100,93
2:RELEASE FileScan_100,29
2:REQUEST FileScan_100,30
2:RELEASE FileScan_100,30
1:REQUEST FileScan_100,94
2:REQUEST FileScan_100,31
2:RELEASE FileScan_100,31
1:RELEASE FileScan_100,94
2:REQUEST FileScan_100,32
1:REQUEST FileScan_100,95
2:RELEASE FileScan_100,32
1:RELEASE FileScan_100,95
2:REQUEST FileScan_100,33
1:REQUEST FileScan_100,96
1:RELEASE FileScan_100,96
1:REQUEST FileScan_100,97
2:RELEASE FileScan_100,33
2:REQUEST FileScan_100,34
1:RELEASE FileScan_100,97
2:RELEASE FileScan_100,34
2:REQUEST FileScan_100,35
1:REQUEST FileScan_100,98
1:RELEASE FileScan_100,98
1:REQUEST FileScan_100,99
1:RELEASE FileScan_100,99
2:RELEASE FileScan_100,35
1:REQUEST FileScan_100,0
2:REQUEST FileScan_100,36
2:RELEASE FileScan_100,36
1:RELEASE FileScan_100,0
2:REQUEST FileScan_100,37
1:REQUEST FileScan_100,1
1:RELEASE FileScan_100,1
2:RELEASE FileScan_100,37
2:REQUEST FileScan_100,38
1:REQUEST FileScan_100,2
2:RELEASE FileScan_100,38
2:REQUEST FileScan_100,39
2:RELEASE FileScan_100,39
2:REQUEST FileScan_100,40
1:RELEASE FileScan_100,2
2:RELEASE FileScan_100,40
2:REQUEST FileScan_100,41
1:REQUEST FileScan_100,3
1:RELEASE FileScan_100,3
2:RELEASE FileScan_100,41
1:REQUEST FileScan_100,4
1:RELEASE FileScan_100,4
1:REQUEST FileScan_100,5
1:RELEASE FileScan_100,5
2:REQUEST FileScan_100,42
1:REQUEST FileScan_100,6
1:RELEASE FileScan_100,6
2:RELEASE FileScan_100,42
2:REQUEST FileScan_100,43
2:RELEASE FileScan_100,43
1:REQUEST FileScan_100,7
1:RELEASE FileScan_100,7
2:REQUEST FileScan_100,44
1:REQUEST FileScan_100,8
1:RELEASE FileScan_100,8
1:REQUEST FileScan_100,9
1:RELEASE FileScan_100,9
2:RELEASE FileScan_100,44
2:REQUEST FileScan_100,45
2:RELEASE FileScan_100,45
1:REQUEST FileScan_100,10
1:RELEASE FileScan_100,10
1:REQUEST FileScan_100,11
1:RELEASE FileScan_100,11
1:REQUEST FileScan_100,12
1:RELEASE FileScan_100,12
2:REQUEST FileScan_100,46
1:REQUEST FileScan_100,13
1:RELEASE FileScan_100,13
1:REQUEST FileScan_100,14
2:RELEASE FileScan_100,46
2:REQUEST FileScan_100,47
1:RELEASE FileScan_100,14
1:REQUEST FileScan_100,15
2:RELEASE FileScan_100,47
2:REQUEST FileScan_100,48
2:RELEASE FileScan_100,48
2:REQUEST FileScan_100,49
1:RELEASE FileScan_100,15
2:RELEASE FileScan_100,49
2:REQUEST FileScan_100,50
1:REQUEST FileScan_100,16
1:RELEASE FileScan_100,16
1:REQUEST FileScan_100,17
2:RELEASE FileScan_100,50
1:RELEASE FileScan_100,17
1:REQUEST FileScan_100,18
2:REQUEST FileScan_100,51
1:RELEASE FileScan_100,18
2:RELEASE FileScan_100,51
1:REQUEST FileScan_100,19
1:RELEASE FileScan_100,19
1:REQUEST FileScan_100,20
1:RELEASE FileScan_100,20
2:REQUEST FileScan_100,52
2:RELEASE FileScan_100,52
1:REQUEST FileScan_100,21
1:RELEASE FileScan_100,21
2:REQUEST FileScan_100,53
1:REQUEST FileScan_100,22
2:RELEASE FileScan_100,53
2:REQUEST FileScan_100,54
2:RELEASE FileScan_100,54
1:RELEASE FileScan_100,22
2:REQUEST FileScan_100,55
2:RELEASE FileScan_100,55
2:REQUEST FileScan_100,56
2:RELEASE FileScan_100,56
2:REQUEST FileScan_100,57
1:REQUEST FileScan_100,23
1:RELEASE FileScan_100,23
1:REQUEST FileScan_100,24
2:RELEASE FileScan_100,57
2:REQUEST FileScan_100,58
1:RELEASE FileScan_100,24
1:REQUEST FileScan_100,25
1:RELEASE FileScan_100,25
2:RELEASE FileScan_100,58
2:REQUEST FileScan_100,59
1:REQUEST FileScan_100,26
1:RELEASE FileScan_100,26
1:REQUEST FileScan_100,27
1:RELEASE FileScan_100,27
1:REQUEST FileScan_100,28
1:RELEASE FileScan_100,28
2:RELEASE FileScan_100,59
2:REQUEST FileScan_100,60
2:RELEASE FileScan_100,60
1:REQUEST FileScan_100,29
1:RELEASE FileScan_100,29
1:REQUEST FileScan_100,30
2:REQUEST FileScan_100,61
1:RELEASE FileScan_100,30
2:RELEASE FileScan_100,61
2:REQUEST FileScan_100,62
1:REQUEST FileScan_100,31
1:RELEASE FileScan_100,31
1:REQUEST FileScan_100,32
1:RELEASE FileScan_100,32
2:RELEASE FileScan_100,62
2:REQUEST FileScan_100,63
2:RELEASE FileScan_100,63
2:REQUEST FileScan_100,64
1:REQUEST FileScan_100,33
1:RELEASE FileScan_100,33
1:REQUEST FileScan_100,34
2:RELEASE FileScan_100,64
2:REQUEST FileScan_100,65
2:RELEASE FileScan_100,65
2:REQUEST FileScan_100,66
2:RELEASE FileScan_100,66
2:REQUEST FileScan_100,67
2:RELEASE FileScan_100,67
2:REQUEST FileScan_100,68
2:RELEASE FileScan_100,68
1:RELEASE FileScan_100,34
1:REQUEST FileScan_100,35
2:REQUEST FileScan_100,69
2:RELEASE FileScan_100,69
2:REQUEST FileScan_100,70
1:RELEASE FileScan_100,35
1:REQUEST FileScan_100,36
1:RELEASE FileScan_100,36
1:REQUEST FileScan_100,37
2:RELEASE FileScan_100,70
2:REQUEST FileScan_100,71
2:RELEASE FileScan_100,71
1:RELEASE FileScan_100,37
2:REQUEST FileScan_100,72
2:RELEASE FileScan_100,72
2:REQUEST FileScan_100,73
1:REQUEST FileScan_100,38
2:RELEASE FileScan_100,73
2:REQUEST FileScan_100,74
2:RELEASE FileScan_100,74
2:REQUEST FileScan_100,75
2:RELEASE FileScan_100,75
2:REQUEST FileScan_100,76
2:RELEASE FileScan_100,76
2:REQUEST FileScan_100,77
1:RELEASE FileScan_100,38
1:REQUEST FileScan_100,39
2:RELEASE FileScan_100,77
2:REQUEST FileScan_100,78
1:RELEASE FileScan_100,39
1:REQUEST FileScan_100,40
1:RELEASE FileScan_100,40
1:REQUEST FileScan_100,41
1:RELEASE FileScan_100,41
1:REQUEST FileScan_100,42
2:RELEASE FileScan_100,78
2:REQUEST FileScan_100,79
1:RELEASE FileScan_100,42
1:REQUEST FileScan_100,43
1:RELEASE FileScan_100,43
1:REQUEST FileScan_100,44
1:RELEASE FileScan_100,44
2:RELEASE FileScan_100,79
1:REQUEST FileScan_100,45
2:REQUEST FileScan_100,80
1:RELEASE FileScan_100,45
2:RELEASE FileScan_100,80
2:REQUEST FileScan_100,81
2:RELEASE FileScan_100,81
2:REQUEST FileScan_100,82
1:REQUEST FileScan_100,46
1:RELEASE FileScan_100,46
1:REQUEST FileScan_100,47
1:RELEASE FileScan_100,47
2:RELEASE FileScan_100,82
1:REQUEST FileScan_100,48
2:REQUEST FileScan_100,83
2:RELEASE FileScan_100,83
1:RELEASE FileScan_100,48
1:REQUEST FileScan_100,49
2:REQUEST FileScan_100,84
1:RELEASE FileScan_100,49
2:RELEASE FileScan_100,84
1:REQUEST FileScan_100,50
1:RELEASE FileScan_100,50
2:REQUEST FileScan_100,85
2:RELEASE FileScan_100,85
1:REQUEST FileScan_100,51
1:RELEASE FileScan_100,51
2:REQUEST FileScan_100,86
1:REQUEST FileScan_100,52
2:RELEASE FileScan_100,86
1:RELEASE FileScan_100,52
1:REQUEST FileScan_100,53
1:RELEASE FileScan_100,53
2:REQUEST FileScan_100,87
2:RELEASE FileScan_100,87
1:REQUEST FileScan_100,54
2:REQUEST FileScan_100,88
1:RELEASE FileScan_100,54
2:RELEASE FileScan_100,88
2:REQUEST FileScan_100,89
2:RELEASE FileScan_100,89
2:REQUEST FileScan_100,90
2:RELEASE FileScan_100,90
1:REQUEST FileScan_100,55
1:RELEASE FileScan_100,55
1:REQUEST FileScan_100,56
1:RELEASE FileScan_100,56
1:REQUEST FileScan_100,57
1:RELEASE FileScan_100,57
2:REQUEST FileScan_100,91
2:RELEASE FileScan_100,91
2:REQUEST FileScan_100,92
1:REQUEST FileScan_100,58
1:RELEASE FileScan_100,58
2:RELEASE FileScan_100,92
2:REQUEST FileScan_100,93
1:REQUEST FileScan_100,59
1:RELEASE FileScan_100,59
2:RELEASE FileScan_100,93
2:REQUEST FileScan_100,94
2:RELEASE FileScan_100,94
2:REQUEST FileScan_100,95
2:RELEASE FileScan_100,95
1:REQUEST FileScan_100,60
1:RELEASE FileScan_100,60
1:REQUEST FileScan_100,61
1:RELEASE FileScan_100,61
2:REQUEST FileScan_100,96
2:RELEASE FileScan_100,96
1:REQUEST FileScan_100,62
1:RELEASE FileScan_100,62
2:REQUEST FileScan_100,97
1:REQUEST FileScan_100,63
2:RELEASE FileScan_100,97
2:REQUEST FileScan_100,98
2:RELEASE FileScan_100,98
2:REQUEST FileScan_100,99
1:RELEASE FileScan_100,63
1:REQUEST FileScan_100,64
1:RELEASE FileScan_100,64
2:RELEASE FileScan_100,99
1:REQUEST FileScan_100,65
2:REQUEST FileScan_100,0
1:RELEASE FileScan_100,65
2:RELEASE FileScan_100,0
2:REQUEST FileScan_100,1
2:RELEASE FileScan_100,1
2:REQUEST FileScan_100,2
1:REQUEST FileScan_100,66
1:RELEASE FileScan_100,66
1:REQUEST FileScan_100,67
1:RELEASE FileScan_100,67
2:RELEASE FileScan_100,2
2:REQUEST FileScan_100,3
2:RELEASE FileScan_100,3
1:REQUEST FileScan_100,68
1:RELEASE FileScan_100,68
1:REQUEST FileScan_100,69
2:REQUEST FileScan_100,4
2:RELEASE FileScan_100,4
1:RELEASE FileScan_100,69
1:REQUEST FileScan_100,70
2:REQUEST FileScan_100,5
2:RELEASE FileScan_100,5
2:REQUEST FileScan_100,6
2:RELEASE FileScan_100,6
1:RELEASE FileScan_100,70
2:REQUEST FileScan_100,7
1:REQUEST FileScan_100,71
2:RELEASE FileScan_100,7
2:REQUEST FileScan_100,8
2:RELEASE FileScan_100,8
1:RELEASE FileScan_100,71
2:REQUEST FileScan_100,9
2:RELEASE FileScan_100,9
1:REQUEST FileScan_100,72
1:RELEASE FileScan_100,72
2:REQUEST FileScan_100,10
1:REQUEST FileScan_100,73
1:RELEASE FileScan_100,73
2:RELEASE FileScan_100,10
1:REQUEST FileScan_100,74
2:REQUEST FileScan_100,11
1:RELEASE FileScan_100,74
1:REQUEST FileScan_100,75
2:RELEASE FileScan_100,11
1:RELEASE FileScan_100,75
2:REQUEST FileScan_100,12
1:REQUEST FileScan_100,76
2:RELEASE FileScan_100,12
1:RELEASE FileScan_100,76
2:REQUEST FileScan_100,13
1:REQUEST FileScan_100,77
1:RELEASE FileScan_100,77
2:RELEASE FileScan_100,13
1:REQUEST FileScan_100,78
2:REQUEST FileScan_100,14
1:RELEASE FileScan_100,78
1:REQUEST FileScan_100,79
2:RELEASE FileScan_100,14
1:RELEASE FileScan_100,79
2:REQUEST FileScan_100,15
1:REQUEST FileScan_100,80
1:RELEASE FileScan_100,80
2:RELEASE FileScan_100,15
1:REQUEST FileScan_100,81
1:RELEASE FileScan_100,81
1:REQUEST FileScan_100,82
1:RELEASE FileScan_100,82
2:REQUEST FileScan_100,16
1:REQUEST FileScan_100,83
1:RELEASE FileScan_100,83
2:RELEASE FileScan_100,16
2:REQUEST FileScan_100,17
1:REQUEST FileScan_100,84
2:RELEASE FileScan_100,17
2:REQUEST FileScan_100,18
2:RELEASE FileScan_100,18
2:REQUEST FileScan_100,19
1:RELEASE FileScan_100,84
1:REQUEST FileScan_100,85
1:RELEASE FileScan_100,85
2:RELEASE FileScan_100,19
1:REQUEST FileScan_100,86
2:REQUEST FileScan_100,20
2:RELEASE FileScan_100,20
1:RELEASE FileScan_100,86
2:REQUEST FileScan_100,21
1:REQUEST FileScan_100,87
2:RELEASE FileScan_100,21
2:REQUEST FileScan_100,22
2:RELEASE FileScan_100,22
1:RELEASE FileScan_100,87
1:REQUEST FileScan_100,88
1:RELEASE FileScan_100,88
1:REQUEST FileScan_100,89
1:RELEASE FileScan_100,89
1:REQUEST FileScan_100,90
1:RELEASE FileScan_100,90
1:REQUEST FileScan_100,91
2:REQUEST FileScan_100,23
2:RELEASE FileScan_100,23
2:REQUEST FileScan_100,24
2:RELEASE FileScan_100,24
1:RELEASE FileScan_100,91
2:REQUEST FileScan_100,25
2:RELEASE FileScan_100,25
1:REQUEST FileScan_100,92
1:RELEASE FileScan_100,92
1:REQUEST FileScan_100,93
1:RELEASE FileScan_100,93
1:REQUEST FileScan_100,94
2:REQUEST FileScan_100,26
1:RELEASE FileScan_100,94
2:RELEASE FileScan_100,26
1:REQUEST FileScan_100,95
1:RELEASE FileScan_100,95
1:REQUEST FileScan_100,96
2:REQUEST FileScan_100,27
2:RELEASE FileScan_100,27
1:RELEASE FileScan_100,96
2:REQUEST FileScan_100,28
2:RELEASE FileScan_100,28
1:REQUEST FileScan_100,97
1:RELEASE FileScan_100,97
2:REQUEST FileScan_100,29
2:RELEASE FileScan_100,29
2:REQUEST FileScan_100,30
2:RELEASE FileScan_100,30
2:REQUEST FileScan_100,31
2:RELEASE FileScan_100,31
1:REQUEST FileScan_100,98
2:REQUEST FileScan_100,32
2:RELEASE FileScan_100,32
1:RELEASE FileScan_100,98
2:REQUEST FileScan_100,33
2:RELEASE FileScan_100,33
1:REQUEST FileScan_100,99
2:REQUEST FileScan_100,34
2:RELEASE FileScan_100,34
1:RELEASE FileScan_100,99
2:REQUEST FileScan_100,35
2:RELEASE FileScan_100,35
2:REQUEST FileScan_100,36
2:RELEASE FileScan_100,36
2:REQUEST FileScan_100,37
2:RELEASE FileScan_100,37
2:REQUEST FileScan_100,38
2:RELEASE FileScan_100,38
2:REQUEST FileScan_100,39
2:RELEASE FileScan_100,39
2:REQUEST FileScan_100,40
2:RELEASE FileScan_100,40
2:REQUEST FileScan_100,41
2:RELEASE FileScan_100,41
2:REQUEST FileScan_100,42
2:RELEASE FileScan_100,42
2:REQUEST FileScan_100,43
2:RELEASE FileScan_100,43
2:REQUEST FileScan_100,44
2:RELEASE FileScan_100,44
2:REQUEST FileScan_100,45
2:RELEASE FileScan_100,45
2:REQUEST FileScan_100,46
2:RELEASE FileScan_100,46
2:REQUEST FileScan_100,47
2:RELEASE FileScan_100,47
2:REQUEST FileScan_100,48
2:RELEASE FileScan_100,48
2:REQUEST FileScan_100,49
2:RELEASE FileScan_100,49
2:REQUEST FileScan_100,50
2:RELEASE FileScan_100,50
2:REQUEST FileScan_100,51
2:RELEASE FileScan_100,51
2:REQUEST FileScan_100,52
2:RELEASE FileScan_100,52
2:REQUEST FileScan_100,53
2:RELEASE FileScan_100,53
2:REQUEST FileScan_100,54
2:RELEASE FileScan_100,54
2:REQUEST FileScan_100,55
2:RELEASE FileScan_100,55
2:REQUEST FileScan_100,56
2:RELEASE FileScan_100,56
2:REQUEST FileScan_100,57
2:RELEASE FileScan_100,57
2:REQUEST FileScan_100,58
2:RELEASE FileScan_100,58
2:REQUEST FileScan_100,59
2:RELEASE FileScan_100,59
2:REQUEST FileScan_100,60
2:RELEASE FileScan_100,60
2:REQUEST FileScan_100,61
2:RELEASE FileScan_100,61
2:REQUEST FileScan_100,62
2:RELEASE FileScan_100,62
2:REQUEST FileScan_100,63
2:RELEASE FileScan_100,63
2:REQUEST FileScan_100,64
2:RELEASE FileScan_100,64
2:REQUEST FileScan_100,65
2:RELEASE FileScan_100,65
2:REQUEST FileScan_100,66
2:RELEASE FileScan_100,66
2:REQUEST FileScan_100,67
2:RELEASE FileScan_100,67
2:REQUEST FileScan_100,68
2:RELEASE FileScan_100,68
2:REQUEST FileScan_100,69
2:RELEASE FileScan_100,69
2:REQUEST FileScan_100,70
2:RELEASE FileScan_100,70
2:REQUEST FileScan_100,71
2:RELEASE FileScan_100,71
2:REQUEST FileScan_100,72
2:RELEASE FileScan_100,72
2:REQUEST FileScan_100,73
2:RELEASE FileScan_100,73
2:REQUEST FileScan_100,74
2:RELEASE FileScan_100,74
2:REQUEST FileScan_100,75
2:RELEASE FileScan_100,75
2:REQUEST FileScan_100,76
2:RELEASE FileScan_100,76
2:REQUEST FileScan_100,77
2:RELEASE FileScan_100,77
2:REQUEST FileScan_100,78
2:RELEASE FileScan_100,78
2:REQUEST FileScan_100,79
2:RELEASE FileScan_100,79
2:REQUEST FileScan_100,80
2:RELEASE FileScan_100,80
2:REQUEST FileScan_100,81
2:RELEASE FileScan_100,81
2:REQUEST FileScan_100,82
2:RELEASE FileScan_100,82
2:REQUEST FileScan_100,83
2:RELEASE FileScan_100,83
2:REQUEST FileScan_100,84
2:RELEASE FileScan_100,84
2:REQUEST FileScan_100,85
2:RELEASE FileScan_100,85
2:REQUEST FileScan_100,86
2:RELEASE FileScan_100,86
2:REQUEST FileScan_100,87
2:RELEASE FileScan_100,87
2:REQUEST FileScan_100,88
2:RELEASE FileScan_100,88
2:REQUEST FileScan_100,89
2:RELEASE FileScan_100,89
2:REQUEST FileScan_100,90
2:RELEASE FileScan_100,90
2:REQUEST FileScan_100,91
2:RELEASE FileScan_100,91
2:REQUEST FileScan_100,92
2:RELEASE FileScan_100,92
2:REQUEST FileScan_100,93
2:RELEASE FileScan_100,93
2:REQUEST FileScan_100,94
2:RELEASE FileScan_100,94
2:REQUEST FileScan_100,95
2:RELEASE FileScan_100,95
2:REQUEST FileScan_100,96
2:RELEASE FileScan_100,96
2:REQUEST FileScan_100,97
2:RELEASE FileScan_100,97
2:REQUEST FileScan_100,98
2:RELEASE FileScan_100,98
2:REQUEST FileScan_100,99
2:RELEASE FileScan_100,99
